#
# There is insufficient memory for the Java Runtime Environment to continue.
# Native memory allocation (malloc) failed to allocate 99920 bytes for Chunk::new
# Possible reasons:
#   The system is out of physical RAM or swap space
#   In 32 bit mode, the process size limit was hit
# Possible solutions:
#   Reduce memory load on the system
#   Increase physical memory or swap space
#   Check if swap backing store is full
#   Use 64 bit Java on a 64 bit OS
#   Decrease Java heap size (-Xmx/-Xms)
#   Decrease number of Java threads
#   Decrease Java thread stack sizes (-Xss)
#   Set larger code cache with -XX:ReservedCodeCacheSize=
# This output file may be truncated or incomplete.
#
#  Out of Memory Error (allocation.cpp:390), pid=32784, tid=0x0000000000009844
#
# JRE version: Java(TM) SE Runtime Environment (8.0_181-b13) (build 1.8.0_181-b13)
# Java VM: Java HotSpot(TM) 64-Bit Server VM (25.181-b13 mixed mode windows-amd64 compressed oops)
# Failed to write core dump. Minidumps are not enabled by default on client versions of Windows
#

---------------  T H R E A D  ---------------

Current thread (0x00000000176ae800):  JavaThread "C2 CompilerThread2" daemon [_thread_in_native, id=38980, stack(0x0000000019fb0000,0x000000001a0b0000)]

Stack: [0x0000000019fb0000,0x000000001a0b0000]
[error occurred during error reporting (printing stack bounds), id 0xc0000005]

Native frames: (J=compiled Java code, j=interpreted, Vv=VM code, C=native code)


Current CompileTask:
C2:  10774 1699       4       sun.misc.ProxyGenerator$ConstantPool::getUtf8 (18 bytes)


---------------  P R O C E S S  ---------------

Java Threads: ( => current thread )
  0x000000001b7c9800 JavaThread "Okio Watchdog" daemon [_thread_blocked, id=30420, stack(0x000000001cdc0000,0x000000001cec0000)]
  0x000000001b7c8800 JavaThread "OkHttp ConnectionPool" daemon [_thread_blocked, id=36120, stack(0x000000001cbc0000,0x000000001ccc0000)]
  0x000000001ab9d000 JavaThread "Exec Stream Pumper" daemon [_thread_in_native, id=8748, stack(0x000000001c7c0000,0x000000001c8c0000)]
  0x000000001ab19000 JavaThread "Exec Stream Pumper" daemon [_thread_in_native, id=31300, stack(0x000000001c6c0000,0x000000001c7c0000)]
  0x000000001a8cf800 JavaThread "UrlChecker-2" daemon [_thread_blocked, id=40708, stack(0x000000001c4c0000,0x000000001c5c0000)]
  0x000000001a8f4800 JavaThread "Exec Default Executor" daemon [_thread_in_native, id=38420, stack(0x000000001c3c0000,0x000000001c4c0000)]
  0x000000001a3cd000 JavaThread "ReaderThread" [_thread_in_native, id=25784, stack(0x000000001abb0000,0x000000001acb0000)]
  0x000000001967d000 JavaThread "Service Thread" daemon [_thread_blocked, id=40020, stack(0x000000001a1b0000,0x000000001a2b0000)]
  0x00000000195f9000 JavaThread "C1 CompilerThread3" daemon [_thread_blocked, id=31892, stack(0x000000001a0b0000,0x000000001a1b0000)]
=>0x00000000176ae800 JavaThread "C2 CompilerThread2" daemon [_thread_in_native, id=38980, stack(0x0000000019fb0000,0x000000001a0b0000)]
  0x00000000195e5800 JavaThread "C2 CompilerThread1" daemon [_thread_in_native, id=9396, stack(0x0000000019eb0000,0x0000000019fb0000)]
  0x00000000195e3000 JavaThread "C2 CompilerThread0" daemon [_thread_in_native, id=37868, stack(0x0000000019db0000,0x0000000019eb0000)]
  0x00000000195e1000 JavaThread "Attach Listener" daemon [_thread_blocked, id=41408, stack(0x0000000019cb0000,0x0000000019db0000)]
  0x00000000195e0000 JavaThread "Signal Dispatcher" daemon [_thread_blocked, id=40344, stack(0x0000000019bb0000,0x0000000019cb0000)]
  0x00000000195d0800 JavaThread "Finalizer" daemon [_thread_blocked, id=35152, stack(0x00000000199b0000,0x0000000019ab0000)]
  0x00000000026b9000 JavaThread "Reference Handler" daemon [_thread_blocked, id=29552, stack(0x00000000194b0000,0x00000000195b0000)]
  0x00000000025c4000 JavaThread "main" [_thread_in_native, id=27728, stack(0x00000000024c0000,0x00000000025c0000)]

Other Threads:
  0x0000000017699000 VMThread [stack: 0x00000000193b0000,0x00000000194b0000] [id=37620]
  0x000000001968f000 WatcherThread [stack: 0x000000001a2b0000,0x000000001a3b0000] [id=20308]

VM state:not at safepoint (normal execution)

VM Mutex/Monitor currently owned by a thread: None

Heap:
 PSYoungGen      total 38400K, used 32742K [0x00000000d5d00000, 0x00000000d8780000, 0x0000000100000000)
  eden space 33280K, 83% used [0x00000000d5d00000,0x00000000d77fcca0,0x00000000d7d80000)
  from space 5120K, 99% used [0x00000000d8280000,0x00000000d877cd40,0x00000000d8780000)
  to   space 5120K, 0% used [0x00000000d7d80000,0x00000000d7d80000,0x00000000d8280000)
 ParOldGen       total 87552K, used 2021K [0x0000000081600000, 0x0000000086b80000, 0x00000000d5d00000)
  object space 87552K, 2% used [0x0000000081600000,0x00000000817f97b8,0x0000000086b80000)
 Metaspace       used 19115K, capacity 19952K, committed 20096K, reserved 1067008K
  class space    used 2629K, capacity 2844K, committed 2944K, reserved 1048576K

Card table byte_map: [0x0000000011a80000,0x0000000011e80000] byte_map_base: 0x0000000011675000

Marking Bits: (ParMarkBitMap*) 0x00000000672a2d00
 Begin Bits: [0x0000000012930000, 0x00000000148d8000)
 End Bits:   [0x00000000148d8000, 0x0000000016880000)

Polling page: 0x0000000000c70000

CodeCache: size=245760Kb used=5922Kb max_used=5925Kb free=239837Kb
 bounds [0x00000000026c0000, 0x0000000002c90000, 0x00000000116c0000]
 total_blobs=2120 nmethods=1710 adapters=322
 compilation: enabled

Compilation events (10 events):
Event: 10.707 Thread 0x00000000195f9000 nmethod 1707 0x0000000002c80ad0 code [0x0000000002c80c40, 0x0000000002c80da8]
Event: 10.707 Thread 0x00000000195f9000 1708       3       sun.misc.ProxyGenerator::code_ipush (90 bytes)
Event: 10.709 Thread 0x00000000195f9000 nmethod 1708 0x0000000002c8b550 code [0x0000000002c8b7a0, 0x0000000002c8c828]
Event: 10.720 Thread 0x00000000195e3000 1710       4       java.io.DataInputStream::readUTF (501 bytes)
Event: 10.721 Thread 0x00000000195f9000 1711       3       java.io.DataInputStream::readFully (9 bytes)
Event: 10.721 Thread 0x00000000195f9000 nmethod 1711 0x0000000002c8b0d0 code [0x0000000002c8b240, 0x0000000002c8b468]
Event: 10.722 Thread 0x00000000195f9000 1712       3       java.util.concurrent.ConcurrentHashMap::put (8 bytes)
Event: 10.722 Thread 0x00000000195f9000 nmethod 1712 0x0000000002c8acd0 code [0x0000000002c8ae40, 0x0000000002c8b048]
Event: 10.723 Thread 0x00000000195f9000 1714       1       java.util.Arrays$ArrayList::get (7 bytes)
Event: 10.723 Thread 0x00000000195f9000 nmethod 1714 0x0000000002c86cd0 code [0x0000000002c86e20, 0x0000000002c86f50]

GC Heap History (4 events):
Event: 1.320 GC heap before
{Heap before GC invocations=1 (full 0):
 PSYoungGen      total 38400K, used 33280K [0x00000000d5d00000, 0x00000000d8780000, 0x0000000100000000)
  eden space 33280K, 100% used [0x00000000d5d00000,0x00000000d7d80000,0x00000000d7d80000)
  from space 5120K, 0% used [0x00000000d8280000,0x00000000d8280000,0x00000000d8780000)
  to   space 5120K, 0% used [0x00000000d7d80000,0x00000000d7d80000,0x00000000d8280000)
 ParOldGen       total 87552K, used 0K [0x0000000081600000, 0x0000000086b80000, 0x00000000d5d00000)
  object space 87552K, 0% used [0x0000000081600000,0x0000000081600000,0x0000000086b80000)
 Metaspace       used 8760K, capacity 8862K, committed 8960K, reserved 1056768K
  class space    used 1191K, capacity 1205K, committed 1280K, reserved 1048576K
Event: 1.327 GC heap after
Heap after GC invocations=1 (full 0):
 PSYoungGen      total 38400K, used 4581K [0x00000000d5d00000, 0x00000000d8780000, 0x0000000100000000)
  eden space 33280K, 0% used [0x00000000d5d00000,0x00000000d5d00000,0x00000000d7d80000)
  from space 5120K, 89% used [0x00000000d7d80000,0x00000000d81f97e0,0x00000000d8280000)
  to   space 5120K, 0% used [0x00000000d8280000,0x00000000d8280000,0x00000000d8780000)
 ParOldGen       total 87552K, used 16K [0x0000000081600000, 0x0000000086b80000, 0x00000000d5d00000)
  object space 87552K, 0% used [0x0000000081600000,0x0000000081604000,0x0000000086b80000)
 Metaspace       used 8760K, capacity 8862K, committed 8960K, reserved 1056768K
  class space    used 1191K, capacity 1205K, committed 1280K, reserved 1048576K
}
Event: 3.694 GC heap before
{Heap before GC invocations=2 (full 0):
 PSYoungGen      total 38400K, used 37861K [0x00000000d5d00000, 0x00000000d8780000, 0x0000000100000000)
  eden space 33280K, 100% used [0x00000000d5d00000,0x00000000d7d80000,0x00000000d7d80000)
  from space 5120K, 89% used [0x00000000d7d80000,0x00000000d81f97e0,0x00000000d8280000)
  to   space 5120K, 0% used [0x00000000d8280000,0x00000000d8280000,0x00000000d8780000)
 ParOldGen       total 87552K, used 16K [0x0000000081600000, 0x0000000086b80000, 0x00000000d5d00000)
  object space 87552K, 0% used [0x0000000081600000,0x0000000081604000,0x0000000086b80000)
 Metaspace       used 15039K, capacity 15764K, committed 15872K, reserved 1062912K
  class space    used 2071K, capacity 2246K, committed 2304K, reserved 1048576K
Event: 3.705 GC heap after
Heap after GC invocations=2 (full 0):
 PSYoungGen      total 38400K, used 5107K [0x00000000d5d00000, 0x00000000d8780000, 0x0000000100000000)
  eden space 33280K, 0% used [0x00000000d5d00000,0x00000000d5d00000,0x00000000d7d80000)
  from space 5120K, 99% used [0x00000000d8280000,0x00000000d877cd40,0x00000000d8780000)
  to   space 5120K, 0% used [0x00000000d7d80000,0x00000000d7d80000,0x00000000d8280000)
 ParOldGen       total 87552K, used 2021K [0x0000000081600000, 0x0000000086b80000, 0x00000000d5d00000)
  object space 87552K, 2% used [0x0000000081600000,0x00000000817f97b8,0x0000000086b80000)
 Metaspace       used 15039K, capacity 15764K, committed 15872K, reserved 1062912K
  class space    used 2071K, capacity 2246K, committed 2304K, reserved 1048576K
}

Deoptimization events (10 events):
Event: 3.635 Thread 0x00000000025c4000 Uncommon trap: reason=class_check action=maybe_recompile pc=0x0000000002ad4034 method=java.util.regex.Pattern$Curly.match(Ljava/util/regex/Matcher;ILjava/lang/CharSequence;)Z @ 19
Event: 3.743 Thread 0x00000000025c4000 Uncommon trap: reason=unstable_if action=reinterpret pc=0x00000000029b5458 method=java.util.regex.Pattern$BmpCharProperty.match(Ljava/util/regex/Matcher;ILjava/lang/CharSequence;)Z @ 34
Event: 8.556 Thread 0x00000000025c4000 Uncommon trap: reason=class_check action=maybe_recompile pc=0x000000000296e6e4 method=java.lang.reflect.Executable.getAnnotation(Ljava/lang/Class;)Ljava/lang/annotation/Annotation; @ 11
Event: 8.559 Thread 0x00000000025c4000 Uncommon trap: reason=class_check action=maybe_recompile pc=0x000000000296e6e4 method=java.lang.reflect.Executable.getAnnotation(Ljava/lang/Class;)Ljava/lang/annotation/Annotation; @ 11
Event: 8.567 Thread 0x00000000025c4000 Uncommon trap: reason=class_check action=maybe_recompile pc=0x000000000296e6e4 method=java.lang.reflect.Executable.getAnnotation(Ljava/lang/Class;)Ljava/lang/annotation/Annotation; @ 11
Event: 8.567 Thread 0x00000000025c4000 Uncommon trap: reason=class_check action=maybe_recompile pc=0x000000000296e6e4 method=java.lang.reflect.Executable.getAnnotation(Ljava/lang/Class;)Ljava/lang/annotation/Annotation; @ 11
Event: 8.583 Thread 0x00000000025c4000 Uncommon trap: reason=bimorphic action=maybe_recompile pc=0x0000000002c13288 method=java.util.regex.Pattern$Curly.match(Ljava/util/regex/Matcher;ILjava/lang/CharSequence;)Z @ 19
Event: 8.584 Thread 0x00000000025c4000 Uncommon trap: reason=unstable_if action=reinterpret pc=0x0000000002bdab64 method=java.net.URLStreamHandler.parseURL(Ljava/net/URL;Ljava/lang/String;II)V @ 717
Event: 8.586 Thread 0x00000000025c4000 Uncommon trap: reason=bimorphic action=maybe_recompile pc=0x0000000002c13288 method=java.util.regex.Pattern$Curly.match(Ljava/util/regex/Matcher;ILjava/lang/CharSequence;)Z @ 19
Event: 8.805 Thread 0x00000000025c4000 Uncommon trap: reason=unstable_if action=reinterpret pc=0x0000000002a49f50 method=java.util.HashMap.hash(Ljava/lang/Object;)I @ 1

Classes redefined (0 events):
No events

Internal exceptions (10 events):
Event: 8.422 Thread 0x00000000025c4000 Exception <a 'java/net/SocketTimeoutException': Read timed out> (0x00000000d6335c80) thrown at [C:\re\workspace\8-2-build-windows-amd64-cygwin\jdk8u181\11358\hotspot\src\share\vm\prims\jni.cpp, line 735]
Event: 8.550 Thread 0x00000000025c4000 Exception <a 'java/lang/ClassNotFoundException': com/aventstack/extentreports/StatusBeanInfo> (0x00000000d67f7d38) thrown at [C:\re\workspace\8-2-build-windows-amd64-cygwin\jdk8u181\11358\hotspot\src\share\vm\classfile\systemDictionary.cpp, line 210]
Event: 8.550 Thread 0x00000000025c4000 Exception <a 'java/lang/ClassNotFoundException': java/lang/EnumBeanInfo> (0x00000000d67fe210) thrown at [C:\re\workspace\8-2-build-windows-amd64-cygwin\jdk8u181\11358\hotspot\src\share\vm\classfile\systemDictionary.cpp, line 210]
Event: 8.551 Thread 0x00000000025c4000 Exception <a 'java/lang/ClassNotFoundException': java/lang/ObjectBeanInfo> (0x00000000d6804a18) thrown at [C:\re\workspace\8-2-build-windows-amd64-cygwin\jdk8u181\11358\hotspot\src\share\vm\classfile\systemDictionary.cpp, line 210]
Event: 8.552 Thread 0x00000000025c4000 Exception <a 'java/lang/ClassNotFoundException': java/lang/ObjectCustomizer> (0x00000000d680b3b8) thrown at [C:\re\workspace\8-2-build-windows-amd64-cygwin\jdk8u181\11358\hotspot\src\share\vm\classfile\systemDictionary.cpp, line 210]
Event: 8.558 Thread 0x00000000025c4000 Exception <a 'java/lang/ClassNotFoundException': java/lang/EnumCustomizer> (0x00000000d6818fa8) thrown at [C:\re\workspace\8-2-build-windows-amd64-cygwin\jdk8u181\11358\hotspot\src\share\vm\classfile\systemDictionary.cpp, line 210]
Event: 8.560 Thread 0x00000000025c4000 Exception <a 'java/lang/ClassNotFoundException': com/aventstack/extentreports/StatusCustomizer> (0x00000000d6832888) thrown at [C:\re\workspace\8-2-build-windows-amd64-cygwin\jdk8u181\11358\hotspot\src\share\vm\classfile\systemDictionary.cpp, line 210]
Event: 8.584 Thread 0x00000000025c4000 Implicit null exception at 0x0000000002bd79ba to 0x0000000002bdab21
Event: 8.805 Thread 0x00000000025c4000 Implicit null exception at 0x0000000002a49adb to 0x0000000002a49f35
Event: 8.939 Thread 0x00000000025c4000 Exception <a 'java/net/SocketTimeoutException': Read timed out> (0x00000000d75d5548) thrown at [C:\re\workspace\8-2-build-windows-amd64-cygwin\jdk8u181\11358\hotspot\src\share\vm\prims\jni.cpp, line 735]

Events (10 events):
Event: 10.719 loading class java/time/ZoneId done
Event: 10.719 loading class java/time/ZoneRegion
Event: 10.719 loading class java/time/ZoneRegion done
Event: 10.719 loading class java/time/zone/ZoneRulesProvider
Event: 10.719 loading class java/time/zone/ZoneRulesProvider done
Event: 10.719 loading class java/time/zone/ZoneRulesProvider$1
Event: 10.719 loading class java/time/zone/ZoneRulesProvider$1 done
Event: 10.719 loading class java/time/zone/TzdbZoneRulesProvider
Event: 10.720 loading class java/time/zone/TzdbZoneRulesProvider done
Event: 10.725 loading class java/time/zone/Ser


Dynamic libraries:
0x00007ff79cc90000 - 0x00007ff79ccc7000 	C:\Program Files\Java\jdk1.8.0_181\bin\javaw.exe
0x00007fff6aba0000 - 0x00007fff6ad90000 	C:\WINDOWS\SYSTEM32\ntdll.dll
0x00007fff6a990000 - 0x00007fff6aa42000 	C:\WINDOWS\System32\KERNEL32.DLL
0x00007fff68610000 - 0x00007fff688b4000 	C:\WINDOWS\System32\KERNELBASE.dll
0x00007fff693f0000 - 0x00007fff69493000 	C:\WINDOWS\System32\ADVAPI32.dll
0x00007fff69d20000 - 0x00007fff69dbe000 	C:\WINDOWS\System32\msvcrt.dll
0x00007fff68c50000 - 0x00007fff68ce7000 	C:\WINDOWS\System32\sechost.dll
0x00007fff68f10000 - 0x00007fff69030000 	C:\WINDOWS\System32\RPCRT4.dll
0x00007fff691d0000 - 0x00007fff69365000 	C:\WINDOWS\System32\USER32.dll
0x00007fff67b20000 - 0x00007fff67b41000 	C:\WINDOWS\System32\win32u.dll
0x00007fff690e0000 - 0x00007fff69106000 	C:\WINDOWS\System32\GDI32.dll
0x00007fff68a80000 - 0x00007fff68c16000 	C:\WINDOWS\System32\gdi32full.dll
0x00007fff688c0000 - 0x00007fff6895e000 	C:\WINDOWS\System32\msvcp_win.dll
0x00007fff68960000 - 0x00007fff68a5a000 	C:\WINDOWS\System32\ucrtbase.dll
0x00007fff41b30000 - 0x00007fff41db4000 	C:\WINDOWS\WinSxS\amd64_microsoft.windows.common-controls_6595b64144ccf1df_6.0.18362.1016_none_9e7a36bbe461dae4\COMCTL32.dll
0x00007fff694a0000 - 0x00007fff697d5000 	C:\WINDOWS\System32\combase.dll
0x00007fff67c50000 - 0x00007fff67cd0000 	C:\WINDOWS\System32\bcryptPrimitives.dll
0x00007fff6a4b0000 - 0x00007fff6a4de000 	C:\WINDOWS\System32\IMM32.DLL
0x0000000067330000 - 0x0000000067402000 	C:\Program Files\Java\jdk1.8.0_181\jre\bin\msvcr100.dll
0x0000000066a80000 - 0x0000000067322000 	C:\Program Files\Java\jdk1.8.0_181\jre\bin\server\jvm.dll
0x00007fff6aa70000 - 0x00007fff6aa78000 	C:\WINDOWS\System32\PSAPI.DLL
0x00007fff658e0000 - 0x00007fff658e9000 	C:\WINDOWS\SYSTEM32\WSOCK32.dll
0x00007fff61cf0000 - 0x00007fff61cfa000 	C:\WINDOWS\SYSTEM32\VERSION.dll
0x00007fff65830000 - 0x00007fff65854000 	C:\WINDOWS\SYSTEM32\WINMM.dll
0x00007fff697e0000 - 0x00007fff6984f000 	C:\WINDOWS\System32\WS2_32.dll
0x00007fff65800000 - 0x00007fff6582d000 	C:\WINDOWS\SYSTEM32\winmmbase.dll
0x00007fff67b50000 - 0x00007fff67b9a000 	C:\WINDOWS\System32\cfgmgr32.dll
0x0000000069e20000 - 0x0000000069e2f000 	C:\Program Files\Java\jdk1.8.0_181\jre\bin\verify.dll
0x0000000066a50000 - 0x0000000066a79000 	C:\Program Files\Java\jdk1.8.0_181\jre\bin\java.dll
0x0000000069a70000 - 0x0000000069a86000 	C:\Program Files\Java\jdk1.8.0_181\jre\bin\zip.dll
0x00007fff69dc0000 - 0x00007fff6a4a7000 	C:\WINDOWS\System32\SHELL32.dll
0x00007fff69030000 - 0x00007fff690d9000 	C:\WINDOWS\System32\shcore.dll
0x00007fff67cd0000 - 0x00007fff68452000 	C:\WINDOWS\System32\windows.storage.dll
0x00007fff67ad0000 - 0x00007fff67af3000 	C:\WINDOWS\System32\profapi.dll
0x00007fff67a80000 - 0x00007fff67aca000 	C:\WINDOWS\System32\powrprof.dll
0x00007fff67a50000 - 0x00007fff67a60000 	C:\WINDOWS\System32\UMPDC.dll
0x00007fff68eb0000 - 0x00007fff68f02000 	C:\WINDOWS\System32\shlwapi.dll
0x00007fff67b00000 - 0x00007fff67b11000 	C:\WINDOWS\System32\kernel.appcore.dll
0x00007fff68a60000 - 0x00007fff68a77000 	C:\WINDOWS\System32\cryptsp.dll
0x0000000066a30000 - 0x0000000066a4a000 	C:\Program Files\Java\jdk1.8.0_181\jre\bin\net.dll
0x00007fff67250000 - 0x00007fff672b7000 	C:\WINDOWS\system32\mswsock.dll
0x00007fff66fa0000 - 0x00007fff6706b000 	C:\WINDOWS\SYSTEM32\DNSAPI.dll
0x00007fff6ab50000 - 0x00007fff6ab58000 	C:\WINDOWS\System32\NSI.dll
0x00007fff66f60000 - 0x00007fff66f9a000 	C:\WINDOWS\SYSTEM32\IPHLPAPI.DLL
0x00007fff56620000 - 0x00007fff5662a000 	C:\Windows\System32\rasadhlp.dll
0x00007fff61540000 - 0x00007fff615b7000 	C:\WINDOWS\System32\fwpuclnt.dll
0x00007fff68c20000 - 0x00007fff68c46000 	C:\WINDOWS\System32\bcrypt.dll
0x0000000066a00000 - 0x0000000066a24000 	C:\Program Files\Java\jdk1.8.0_181\jre\bin\sunec.dll
0x0000000069e10000 - 0x0000000069e1b000 	C:\Program Files\Java\jdk1.8.0_181\jre\bin\sunmscapi.dll
0x00007fff68460000 - 0x00007fff685a9000 	C:\WINDOWS\System32\CRYPT32.dll
0x00007fff67a60000 - 0x00007fff67a72000 	C:\WINDOWS\System32\MSASN1.dll
0x00007fff616b0000 - 0x00007fff616c6000 	C:\WINDOWS\SYSTEM32\dhcpcsvc6.DLL
0x00007fff618e0000 - 0x00007fff618fc000 	C:\WINDOWS\SYSTEM32\dhcpcsvc.DLL
0x00000000669e0000 - 0x00000000669f1000 	C:\Program Files\Java\jdk1.8.0_181\jre\bin\nio.dll
0x00007fff66dc0000 - 0x00007fff66df3000 	C:\WINDOWS\system32\rsaenh.dll
0x00007fff67970000 - 0x00007fff67995000 	C:\WINDOWS\SYSTEM32\USERENV.dll
0x00007fff67420000 - 0x00007fff6742c000 	C:\WINDOWS\SYSTEM32\CRYPTBASE.dll

VM Arguments:
jvm_args: -ea -Dfile.encoding=UTF-8 
java_command: org.eclipse.jdt.internal.junit.runner.RemoteTestRunner -version 3 -port 55301 -testLoaderClass org.eclipse.jdt.internal.junit4.runner.JUnit4TestLoader -loaderpluginname org.eclipse.jdt.junit4.runtime -classNames com.adactin.runner.TestRunner
java_class_path (initial): C:\Workspace\eclipse-workspace_Demo\AdactinCucumber\target\test-classes;C:\Workspace\eclipse-workspace_Demo\AdactinCucumber\target\classes;C:\Users\91917\.p2\pool\plugins\org.junit_4.12.0.v201504281640\junit.jar;C:\Users\91917\.p2\pool\plugins\org.hamcrest.core_1.3.0.v20180420-1519.jar;C:\Users\91917\.m2\repository\junit\junit\4.12\junit-4.12.jar;C:\Users\91917\.m2\repository\org\hamcrest\hamcrest-core\1.3\hamcrest-core-1.3.jar;C:\Users\91917\.m2\repository\org\seleniumhq\selenium\selenium-java\3.141.59\selenium-java-3.141.59.jar;C:\Users\91917\.m2\repository\org\seleniumhq\selenium\selenium-api\3.141.59\selenium-api-3.141.59.jar;C:\Users\91917\.m2\repository\org\seleniumhq\selenium\selenium-chrome-driver\3.141.59\selenium-chrome-driver-3.141.59.jar;C:\Users\91917\.m2\repository\org\seleniumhq\selenium\selenium-edge-driver\3.141.59\selenium-edge-driver-3.141.59.jar;C:\Users\91917\.m2\repository\org\seleniumhq\selenium\selenium-firefox-driver\3.141.59\selenium-firefox-driver-3.141.59.jar;C:\Users\91917\.m2\repository\org\seleniumhq\selenium\selenium-ie-driver\3.141.59\selenium-ie-driver-3.141.59.jar;C:\Users\91917\.m2\repository\org\seleniumhq\selenium\selenium-opera-driver\3.141.59\selenium-opera-driver-3.141.59.jar;C:\Users\91917\.m2\repository\org\seleniumhq\selenium\selenium-remote-driver\3.141.59\selenium-remote-driver-3.141.59.jar;C:\Users\91917\.m2\repository\org\seleniumhq\selenium\selenium-safari-driver\3.141.59\selenium-safari-driver-3.141.59.jar;C:\Users\91917\.m2\repository\org\seleniumhq\selenium\selenium-support\3.141.59\selenium-support-3.141.59.jar;C:\Users\91917\.m2\repository\net\bytebuddy\byte-buddy\1.8.15\byte-buddy-1.8.15.jar;C:\Users\91917\.m2\repository\org\apache\commons\commons-exec\1.3\commons-exec-1.3.jar;C:\Users\91917\.m2\repository\com\google\guava\guava\25.0-jre\guava-25.0-jre.jar;C:\Users\91917\.m2\repository\com\google\code\findbugs\jsr305\1.3.9\jsr305-1.3.9.jar;C:\Users\91917\.m2\repository\org\checkerfra
Launcher Type: SUN_STANDARD

Environment Variables:
JAVA_HOME=C:\Program Files\Java\jdk1.8.0_181
PATH=C:/Program Files/Java/jre1.8.0_181/bin/server;C:/Program Files/Java/jre1.8.0_181/bin;C:/Program Files/Java/jre1.8.0_181/lib/amd64;C:\Users\91917\Downloads\WINDOWS.X64_193000_db_home\bin;C:\Program Files (x86)\Common Files\Oracle\Java\javapath;C:\WINDOWS\system32;C:\WINDOWS;C:\WINDOWS\System32\Wbem;C:\WINDOWS\System32\WindowsPowerShell\v1.0\;C:\WINDOWS\System32\OpenSSH\;D:\Java\jre1.8.0_181;C:\Maven\bin;C:\Program Files\Git\cmd;C:\Users\91917\AppData\Local\Android\Sdk\platform-tools;C:\Users\91917\AppData\Local\Android\Sdk\tools;C:\Users\91917\AppData\Local\Android\Sdk\tools\bin;C:\Program Files\nodejs\;C:\Program Files\Microsoft SQL Server\Client SDK\ODBC\170\Tools\Binn\;C:\Program Files (x86)\Microsoft SQL Server\150\Tools\Binn\;C:\Program Files\Microsoft SQL Server\150\Tools\Binn\;C:\Program Files\Microsoft SQL Server\150\DTS\Binn\;C:\Program Files (x86)\Microsoft SQL Server\150\DTS\Binn\;C:\gradle-6.5.1\bin;C:\Users\91917\AppData\Local\Microsoft\WindowsApps;;C:\WINDOWS\System32;
USERNAME=91917
OS=Windows_NT
PROCESSOR_IDENTIFIER=Intel64 Family 6 Model 142 Stepping 10, GenuineIntel



---------------  S Y S T E M  ---------------

OS: Windows 10.0 , 64 bit Build 18362 (10.0.18362.959)

CPU:total 8 (initial active 8) (4 cores per cpu, 2 threads per core) family 6 model 142 stepping 10, cmov, cx8, fxsr, mmx, sse, sse2, sse3, ssse3, sse4.1, sse4.2, popcnt, avx, avx2, aes, clmul, erms, 3dnowpref, lzcnt, ht, tsc, tscinvbit, bmi1, bmi2, adx

Memory: 4k page, physical 8295652k(1417356k free), swap 12391652k(4164k free)

vm_info: Java HotSpot(TM) 64-Bit Server VM (25.181-b13) for windows-amd64 JRE (1.8.0_181-b13), built on Jul  7 2018 04:01:33 by "java_re" with MS VC++ 10.0 (VS2010)

time: Thu Aug 27 20:13:20 2020
elapsed time: 10 seconds (0d 0h 0m 10s)

