JvmtiExport can_access_local_variables 0
JvmtiExport can_hotswap_or_post_breakpoint 0
JvmtiExport can_post_on_exceptions 0
# 194 ciObject found
ciMethod java/lang/Object <init> ()V 4097 1 182295 0 0
ciMethod java/lang/Object getClass ()Ljava/lang/Class; 2049 1 256 0 -1
ciMethod java/lang/Object hashCode ()I 2049 1 256 0 -1
ciMethod java/lang/Object equals (Ljava/lang/Object;)Z 2065 1 6453 0 -1
ciMethod java/lang/String equals (Ljava/lang/Object;)Z 2057 10721 3269 0 -1
ciMethod java/lang/String hashCode ()I 2801 32769 1182 0 288
ciMethod java/util/Map get (Ljava/lang/Object;)Ljava/lang/Object; 0 0 1 0 -1
ciMethod java/util/Map put (Ljava/lang/Object;Ljava/lang/Object;)Ljava/lang/Object; 0 0 1 0 -1
ciMethod java/lang/Number <init> ()V 3657 1 4972 0 0
ciMethod java/lang/Short <init> (S)V 1729 1 2404 0 0
ciMethod java/lang/Short shortValue ()S 2609 1 326 0 -1
ciMethod java/util/List size ()I 0 0 1 0 -1
ciMethod java/util/List add (Ljava/lang/Object;)Z 0 0 1 0 -1
ciMethod java/util/ArrayList calculateCapacity ([Ljava/lang/Object;I)I 1393 1 6532 0 0
ciMethod java/util/ArrayList ensureCapacityInternal (I)V 1393 1 6532 0 0
ciMethod java/util/ArrayList ensureExplicitCapacity (I)V 1393 1 6532 0 0
ciMethod java/util/ArrayList grow (I)V 153 1 1648 0 0
ciMethod java/util/ArrayList hugeCapacity (I)I 0 0 1 0 -1
ciMethod java/util/ArrayList size ()I 1025 1 128 0 0
ciMethod java/util/ArrayList add (Ljava/lang/Object;)Z 1393 1 6382 0 768
ciMethod java/util/HashMap hash (Ljava/lang/Object;)I 3305 1 27606 0 0
ciMethod java/util/HashMap get (Ljava/lang/Object;)Ljava/lang/Object; 2089 1 5682 0 544
ciMethod java/util/HashMap getNode (ILjava/lang/Object;)Ljava/util/HashMap$Node; 3073 9 5677 0 512
ciMethod java/util/HashMap put (Ljava/lang/Object;Ljava/lang/Object;)Ljava/lang/Object; 1705 1 6432 0 0
ciMethod java/util/HashMap putVal (ILjava/lang/Object;Ljava/lang/Object;ZZ)Ljava/lang/Object; 1705 137 5814 0 1664
ciMethod java/util/HashMap resize ()[Ljava/util/HashMap$Node; 321 3185 2803 0 -1
ciMethod java/util/HashMap treeifyBin ([Ljava/util/HashMap$Node;I)V 0 0 1 0 -1
ciMethod java/util/HashMap newNode (ILjava/lang/Object;Ljava/lang/Object;Ljava/util/HashMap$Node;)Ljava/util/HashMap$Node; 3553 1 5740 0 224
ciMethod java/util/HashMap afterNodeAccess (Ljava/util/HashMap$Node;)V 2297 1 496 0 0
ciMethod java/util/HashMap afterNodeInsertion (Z)V 3841 1 1556 0 0
ciMethod java/util/HashMap$Node <init> (ILjava/lang/Object;Ljava/lang/Object;Ljava/util/HashMap$Node;)V 2049 1 8693 0 0
ciMethod java/lang/Math max (II)I 4097 1 10642 0 -1
ciMethod java/util/Arrays copyOf ([Ljava/lang/Object;I)[Ljava/lang/Object; 2273 1 2193 0 0
ciMethod java/util/Arrays copyOf ([Ljava/lang/Object;ILjava/lang/Class;)[Ljava/lang/Object; 2401 1 2503 0 -1
ciMethodData java/lang/Object <init> ()V 2 182312 orig 264 88 115 6 103 0 0 0 0 128 4 203 22 0 0 0 0 32 1 0 0 0 0 0 0 0 0 0 0 0 0 0 0 0 0 0 0 0 0 0 0 0 0 0 0 0 0 0 0 0 0 0 0 0 0 0 0 0 0 0 0 0 0 0 0 0 0 0 0 0 0 0 0 0 0 0 0 0 0 0 0 77 68 79 32 101 120 116 114 97 32 100 97 116 97 32 108 111 99 107 0 0 0 0 0 0 0 0 0 0 0 0 0 0 0 0 0 0 0 0 0 0 0 0 0 0 0 0 0 0 0 0 0 0 0 0 0 0 0 0 0 0 0 0 0 0 0 0 0 0 0 0 0 0 0 0 0 0 0 0 0 0 0 0 0 0 0 0 0 0 0 0 0 0 0 0 0 0 0 0 0 0 0 0 0 1 0 0 0 0 0 0 0 1 0 0 0 0 0 0 0 1 0 0 0 0 0 0 0 0 0 0 0 0 0 0 0 0 2 0 0 65 49 22 0 1 0 0 0 0 0 0 0 0 0 0 0 2 0 0 0 0 0 3 0 1 0 0 0 0 0 0 0 255 255 255 255 0 0 0 0 0 0 0 0 data 0 oops 0
ciMethod java/util/HashMap$TreeNode getTreeNode (ILjava/lang/Object;)Ljava/util/HashMap$TreeNode; 0 0 1 0 -1
ciMethod java/util/HashMap$TreeNode putTreeVal (Ljava/util/HashMap;[Ljava/util/HashMap$Node;ILjava/lang/Object;Ljava/lang/Object;)Ljava/util/HashMap$TreeNode; 0 0 1 0 -1
ciMethod java/util/HashMap$TreeNode split (Ljava/util/HashMap;[Ljava/util/HashMap$Node;II)V 0 0 1 0 -1
ciMethodData java/lang/String hashCode ()I 2 28687 orig 264 88 115 6 103 0 0 0 0 184 79 203 22 0 0 0 0 152 1 0 0 32 0 0 0 0 0 0 0 0 0 0 0 0 0 0 0 0 0 0 0 0 0 0 0 0 0 0 0 0 0 0 0 0 0 0 0 0 0 0 0 0 0 0 0 0 0 0 0 0 0 0 0 0 0 0 0 0 0 0 0 77 68 79 32 101 120 116 114 97 32 100 97 116 97 32 108 111 99 107 0 0 0 0 0 0 0 0 0 0 0 0 0 0 0 0 0 0 0 0 0 0 0 0 0 0 0 0 0 0 0 0 0 0 0 0 0 0 0 0 0 0 0 0 0 0 0 0 0 0 0 0 0 0 0 0 0 0 0 0 0 0 0 0 0 0 0 0 0 0 0 0 0 0 0 0 0 0 0 0 0 0 0 0 0 0 0 0 0 0 0 0 0 0 0 0 0 0 0 0 0 0 0 0 0 0 0 0 0 0 0 0 0 0 0 0 0 0 16 0 0 1 26 0 0 121 0 3 0 0 0 0 0 0 0 0 0 2 0 0 0 1 0 11 0 2 0 0 0 120 0 0 0 255 255 255 255 7 0 6 0 0 0 0 0 data 15 0x60007 0x197 0x78 0x1a9 0xe0007 0x3 0x58 0x1a6 0x1e0007 0x1a6 0x38 0x5ff1 0x2d0003 0x5ff1 0xffffffffffffffe0 oops 0
ciMethodData java/util/HashMap hash (Ljava/lang/Object;)I 2 27638 orig 264 88 115 6 103 0 0 0 0 152 133 217 22 0 0 0 0 176 1 0 0 0 0 0 0 0 0 0 0 0 0 0 0 0 0 0 0 0 0 0 0 0 0 0 0 0 0 0 0 0 0 0 0 0 0 0 0 0 0 0 0 0 0 0 0 0 0 0 0 0 0 0 0 0 0 0 0 0 0 0 0 77 68 79 32 101 120 116 114 97 32 100 97 116 97 32 108 111 99 107 0 0 0 0 0 0 0 0 0 0 0 0 0 0 0 0 0 0 0 0 0 0 0 0 0 0 0 0 0 0 0 0 0 0 0 0 0 0 0 0 0 0 0 0 0 0 0 0 0 0 0 0 0 0 0 0 0 0 0 0 0 0 0 0 0 0 0 0 0 0 0 0 0 0 0 0 0 0 0 0 1 0 0 0 0 17 0 0 0 0 0 0 0 0 0 0 0 0 0 0 0 0 0 0 0 0 0 0 0 0 0 0 0 0 0 0 0 157 1 0 0 201 82 3 0 1 0 0 0 129 104 0 0 0 0 0 0 2 0 0 0 0 0 6 0 2 0 0 0 104 0 0 0 255 255 255 255 7 224 1 0 0 0 0 0 data 13 0x1e007 0x6a59 0x38 0x1 0x50003 0x1 0x48 0x90005 0x3c09 0x25cd030 0x2b6b 0x269c240 0x41 oops 2 9 java/lang/String 11 java/io/File
ciMethodData java/util/HashMap getNode (ILjava/lang/Object;)Ljava/util/HashMap$Node; 2 5677 orig 264 88 115 6 103 0 0 0 0 72 143 217 22 0 0 0 0 8 4 0 0 176 1 0 0 0 0 0 0 0 0 0 0 0 0 0 0 0 0 0 0 0 0 0 0 0 0 0 0 0 0 0 0 0 0 0 0 0 0 0 0 0 0 0 0 0 0 0 0 0 0 0 0 0 0 0 0 0 0 0 0 77 68 79 32 101 120 116 114 97 32 100 97 116 97 32 108 111 99 107 0 0 0 0 0 0 0 0 0 0 0 0 0 0 0 0 0 0 0 0 0 0 0 0 0 0 0 0 0 0 0 0 0 0 0 0 0 0 0 0 0 0 0 0 0 0 0 0 0 0 0 0 0 0 0 0 0 0 0 0 0 0 0 0 0 0 0 0 0 0 0 0 0 0 0 0 0 0 0 0 0 0 0 0 0 17 0 0 0 0 0 0 0 0 0 0 0 0 0 0 0 1 0 0 0 0 0 0 0 0 0 0 0 0 0 0 0 128 1 0 0 105 165 0 0 137 8 0 0 0 0 0 0 0 0 0 0 2 0 0 0 1 0 37 0 2 0 0 0 176 2 0 0 255 255 255 255 7 0 6 0 0 0 0 0 data 86 0x60007 0xd9 0x2b0 0x13d4 0xe0007 0x0 0x290 0x13d4 0x1c0007 0x33d 0x270 0x1097 0x250007 0x404 0xb0 0xc93 0x310007 0x4f6 0x90 0x79d 0x350007 0x0 0x70 0x79d 0x3b0005 0x47f 0x25cd030 0x2c1 0x269c630 0x5d 0x3e0007 0xbe 0x20 0x6df 0x4c0007 0x1b7 0x1a0 0x30b 0x510004 0xfffffffffffffcf5 0x0 0x0 0x0 0x0 0x540007 0x30b 0x80 0x0 0x590004 0x0 0x0 0x0 0x0 0x0 0x5e0005 0x0 0x0 0x0 0x0 0x0 0x680007 0x10f 0xb0 0x27b 0x740007 0xbc 0x90 0x1bf 0x780007 0x0 0x70 0x1bf 0x7e0005 0x173 0x25cd030 0x3d 0x1a6e75e0 0xf 0x810007 0x2 0x20 0x1bd 0x8f0007 0x7f 0xffffffffffffff50 0x92 oops 4 26 java/lang/String 28 java/security/CodeSource 74 java/lang/String 76 java/util/jar/Attributes$Name
ciMethodData java/util/ArrayList add (Ljava/lang/Object;)Z 2 6382 orig 264 88 115 6 103 0 0 0 0 32 5 216 22 0 0 0 0 144 1 0 0 0 0 0 0 0 0 0 0 0 0 0 0 0 0 0 0 0 0 0 0 0 0 0 0 0 0 0 0 0 0 0 0 0 0 0 0 0 0 0 0 0 0 0 0 0 0 0 0 0 0 0 0 0 0 0 0 0 0 0 0 77 68 79 32 101 120 116 114 97 32 100 97 116 97 32 108 111 99 107 0 0 0 0 0 0 0 0 0 0 0 0 0 0 0 0 0 0 0 0 0 0 0 0 0 0 0 0 0 0 0 0 0 0 0 0 0 0 0 0 0 0 0 0 0 0 0 0 0 0 0 0 0 0 0 0 0 0 0 0 0 0 0 0 0 0 0 0 0 0 0 0 0 0 0 0 0 0 0 0 0 0 0 0 0 0 0 0 0 0 0 0 0 0 0 0 0 0 0 0 0 0 0 0 0 0 0 0 0 0 0 0 0 0 0 0 0 174 0 0 0 1 194 0 0 1 0 0 0 0 0 0 0 0 0 0 0 2 0 0 0 0 0 15 0 2 0 0 0 64 0 0 0 255 255 255 255 2 0 7 0 0 0 0 0 data 8 0x70002 0x1840 0x1a0104 0x0 0x1a7756d0 0x12 0x25cd030 0x68f oops 2 4 java/io/FilePermission 6 java/lang/String
ciMethodData java/util/ArrayList ensureCapacityInternal (I)V 2 6532 orig 264 88 115 6 103 0 0 0 0 152 250 215 22 0 0 0 0 112 1 0 0 0 0 0 0 0 0 0 0 0 0 0 0 0 0 0 0 0 0 0 0 0 0 0 0 0 0 0 0 0 0 0 0 0 0 0 0 0 0 0 0 0 0 0 0 0 0 0 0 0 0 0 0 0 0 0 0 0 0 0 0 77 68 79 32 101 120 116 114 97 32 100 97 116 97 32 108 111 99 107 0 0 0 0 0 0 0 0 0 0 0 0 0 0 0 0 0 0 0 0 0 0 0 0 0 0 0 0 0 0 0 0 0 0 0 0 0 0 0 0 0 0 0 0 0 0 0 0 0 0 0 0 0 0 0 0 0 0 0 0 0 0 0 0 0 0 0 0 0 0 0 0 0 0 0 0 0 0 0 0 0 0 0 0 0 0 0 0 0 0 0 0 0 0 0 0 0 0 0 0 0 0 0 0 0 0 0 0 0 0 0 0 0 0 0 0 0 174 0 0 0 177 198 0 0 1 0 0 0 0 0 0 0 0 0 0 0 2 0 0 0 0 0 0 0 0 0 0 0 32 0 0 0 255 255 255 255 2 0 6 0 0 0 0 0 data 4 0x60002 0x18d6 0x90002 0x18d6 oops 0
ciMethodData java/util/ArrayList calculateCapacity ([Ljava/lang/Object;I)I 2 6532 orig 264 88 115 6 103 0 0 0 0 248 249 215 22 0 0 0 0 128 1 0 0 0 0 0 0 0 0 0 0 0 0 0 0 0 0 0 0 0 0 0 0 0 0 0 0 0 0 0 0 0 0 0 0 0 0 0 0 0 0 0 0 0 0 0 0 0 0 0 0 0 0 0 0 0 0 0 0 0 0 0 0 77 68 79 32 101 120 116 114 97 32 100 97 116 97 32 108 111 99 107 0 0 0 0 0 0 0 0 0 0 0 0 0 0 0 0 0 0 0 0 0 0 0 0 0 0 0 0 0 0 0 0 0 0 0 0 0 0 0 0 0 0 0 0 0 0 0 0 0 0 0 0 0 0 0 0 0 0 0 0 0 0 0 0 0 0 0 0 0 0 0 0 0 0 0 0 0 0 0 0 0 0 0 0 0 0 0 0 0 0 0 0 0 0 0 0 0 0 0 0 0 0 0 0 0 0 0 0 0 0 0 0 0 0 0 0 0 174 0 0 0 177 198 0 0 1 0 0 0 0 0 0 0 0 0 0 0 2 0 0 0 0 0 0 0 0 0 0 0 48 0 0 0 255 255 255 255 7 0 4 0 0 0 0 0 data 6 0x40007 0x130b 0x30 0x5cb 0xa0002 0x5cb oops 0
ciMethodData java/util/ArrayList ensureExplicitCapacity (I)V 2 6532 orig 264 88 115 6 103 0 0 0 0 72 251 215 22 0 0 0 0 88 1 0 0 0 0 0 0 0 0 0 0 0 0 0 0 0 0 0 0 0 0 0 0 0 0 0 0 0 0 0 0 0 0 0 0 0 0 0 0 0 0 0 0 0 0 0 0 0 0 0 0 0 0 0 0 0 0 0 0 0 0 0 0 77 68 79 32 101 120 116 114 97 32 100 97 116 97 32 108 111 99 107 0 0 0 0 0 0 0 0 0 0 0 0 0 0 0 0 0 0 0 0 0 0 0 0 0 0 0 0 0 0 0 0 0 0 0 0 0 0 0 0 0 0 0 0 0 0 0 0 0 0 0 0 0 0 0 0 0 0 0 0 0 0 0 0 0 0 0 0 0 0 0 0 0 0 0 0 0 0 0 0 0 0 0 0 0 0 0 0 0 0 0 0 0 0 0 0 0 0 0 0 0 0 0 0 0 0 0 0 0 0 0 0 0 0 0 0 0 174 0 0 0 177 198 0 0 1 0 0 0 0 0 0 0 0 0 0 0 2 0 0 0 0 0 0 0 0 0 0 0 48 0 0 0 255 255 255 255 7 0 17 0 0 0 0 0 data 6 0x110007 0x1279 0x30 0x65d 0x160002 0x65d oops 0
ciMethodData java/util/ArrayList grow (I)V 2 1648 orig 264 88 115 6 103 0 0 0 0 16 252 215 22 0 0 0 0 176 1 0 0 64 0 0 0 0 0 0 0 0 0 0 0 0 0 0 0 0 0 0 0 0 0 0 0 0 0 0 0 0 0 0 0 0 0 0 0 0 0 0 0 0 0 0 0 0 0 0 0 0 0 0 0 0 0 0 0 0 0 0 0 77 68 79 32 101 120 116 114 97 32 100 97 116 97 32 108 111 99 107 0 0 0 0 0 0 0 0 0 0 0 0 0 0 0 0 0 0 0 0 0 0 0 0 0 0 0 0 0 0 0 0 0 0 0 0 0 0 0 0 0 0 0 0 0 0 0 0 0 0 0 0 0 0 0 0 0 0 0 0 0 0 0 0 0 0 0 0 0 0 0 0 0 0 0 0 0 0 0 0 0 0 0 0 0 0 0 0 0 0 0 0 0 0 0 0 0 0 0 0 0 0 0 0 0 0 0 0 0 0 0 0 0 0 0 0 0 19 0 0 0 233 50 0 0 1 0 0 0 0 0 0 0 0 0 0 0 2 0 0 0 0 0 15 0 2 0 0 0 96 0 0 0 255 255 255 255 7 0 15 0 0 0 0 0 data 12 0xf0007 0x92 0x20 0x5cb 0x180007 0x65d 0x30 0x0 0x1c0002 0x0 0x260002 0x65d oops 0
ciMethodData java/util/HashMap put (Ljava/lang/Object;Ljava/lang/Object;)Ljava/lang/Object; 2 6433 orig 264 88 115 6 103 0 0 0 0 136 144 217 22 0 0 0 0 152 1 0 0 0 0 0 0 0 0 0 0 0 0 0 0 0 0 0 0 0 0 0 0 0 0 0 0 0 0 0 0 0 0 0 0 0 0 0 0 0 0 0 0 0 0 0 0 0 0 0 0 0 0 0 0 0 0 0 0 0 0 0 0 77 68 79 32 101 120 116 114 97 32 100 97 116 97 32 108 111 99 107 0 0 0 0 0 0 0 0 0 0 0 0 0 0 0 0 0 0 0 0 0 0 0 0 0 0 0 0 0 0 0 0 0 0 0 0 0 0 0 0 0 0 0 0 0 2 0 0 0 0 0 0 0 0 0 0 0 0 0 0 0 0 0 0 0 0 0 0 0 0 0 0 0 0 0 0 0 0 0 0 0 0 0 0 0 0 0 0 0 0 0 0 0 0 0 0 0 0 0 0 0 0 0 0 0 0 0 0 0 0 0 0 0 0 0 0 0 213 0 0 0 97 194 0 0 1 0 0 0 141 22 0 0 0 0 0 0 2 0 0 0 0 0 7 0 2 0 0 0 64 0 0 0 255 255 255 255 2 0 2 0 0 0 0 0 data 8 0x20002 0x184c 0x90005 0x2eb 0x19740570 0x1067 0x1a6cb5d0 0x4fb oops 2 4 java/util/HashMap 6 java/util/LinkedHashMap
ciMethodData java/util/HashMap putVal (ILjava/lang/Object;Ljava/lang/Object;ZZ)Ljava/lang/Object; 2 5814 orig 264 88 115 6 103 0 0 0 0 104 146 217 22 0 0 0 0 176 6 0 0 176 3 0 0 0 0 0 0 0 0 0 0 0 0 0 0 0 0 0 0 0 0 0 0 0 0 0 0 0 0 0 0 0 0 0 0 0 0 0 0 0 0 0 0 0 0 0 0 0 0 0 0 0 0 0 0 0 0 0 0 77 68 79 32 101 120 116 114 97 32 100 97 116 97 32 108 111 99 107 0 0 0 0 0 0 0 0 0 0 0 0 0 0 0 0 0 0 0 0 0 0 0 0 0 0 0 0 0 0 0 0 0 0 0 0 0 0 0 0 0 0 0 0 0 0 0 0 0 0 0 0 0 0 0 0 0 0 0 0 0 0 0 0 0 0 0 0 4 0 0 0 0 0 0 0 0 0 0 0 0 0 0 0 0 0 0 0 0 0 0 0 0 0 0 0 0 0 0 0 0 0 0 0 0 0 0 0 0 0 0 0 0 0 0 0 0 213 0 0 0 9 175 0 0 209 14 0 0 0 0 0 0 0 0 0 0 2 0 0 0 1 0 50 0 2 0 0 0 64 5 0 0 255 255 255 255 7 0 7 0 0 0 0 0 data 168 0x70007 0x1eb 0x40 0x13f6 0x100007 0x13f6 0x50 0x0 0x140005 0x14 0x1a6cb5d0 0xbe 0x19740570 0x119 0x2c0007 0x875 0x98 0xd6c 0x380005 0x3ee 0x19740570 0x978 0x1a4add60 0x6 0x3b0004 0x0 0x197421d0 0x99f 0x1a4ade10 0x3cd 0x3c0003 0xd6c 0x3d0 0x450007 0x6bc 0xc8 0x1b9 0x510007 0x130 0x90 0x89 0x550007 0x0 0x88 0x89 0x5b0005 0x3b 0x1a4adec0 0x48 0x25cd030 0x6 0x5e0007 0x48 0x38 0x41 0x650003 0x171 0x278 0x6a0004 0xfffffffffffff8fc 0x1a4ade10 0x4 0x197421d0 0x35 0x6d0007 0x704 0x98 0x0 0x720004 0x0 0x0 0x0 0x0 0x0 0x7b0005 0x0 0x0 0x0 0x0 0x0 0x800003 0x0 0x1b0 0x8e0007 0x246 0xb8 0x698 0x980005 0x167 0x1a4add60 0x9 0x19740570 0x528 0xa20007 0x698 0x148 0x0 0xa90005 0x0 0x0 0x0 0x0 0x0 0xac0003 0x0 0xf8 0xb50007 0x1d3 0xc8 0x73 0xc10007 0x69 0xc0 0xa 0xc50007 0x0 0x88 0xa 0xcbf005 0x4 0x25cd030 0x3 0x1a4adec0 0x7 0xce0007 0x7 0x38 0x7 0xd10003 0x7 0x30 0xdb0003 0x1da 0xfffffffffffffe80 0xe00007 0x698 0x90 0x1e1 0xec0007 0x1ac 0x40 0x35 0xf10007 0x35 0x20 0x0 0xfd0005 0x0 0x19740570 0x1db 0x1a6cb5d0 0x6 0x11c0007 0x1353 0x50 0xb1 0x1200005 0x6 0x19740570 0x77 0x1a6cb5d0 0x34 0x1270005 0x555 0x19740570 0xea0 0x1a4add60 0xf oops 20 10 java/util/LinkedHashMap 12 java/util/HashMap 20 java/util/HashMap 22 java/io/ExpiringCache$1 26 java/util/HashMap$Node 28 java/util/LinkedHashMap$Entry 47 sun/misc/ProxyGenerator$ConstantPool$IndirectEntry 49 java/lang/String 60 java/util/LinkedHashMap$Entry 62 java/util/HashMap$Node 89 java/io/ExpiringCache$1 91 java/util/HashMap 120 java/lang/String 122 sun/misc/ProxyGenerator$ConstantPool$IndirectEntry 148 java/util/HashMap 150 java/util/LinkedHashMap 158 java/util/HashMap 160 java/util/LinkedHashMap 164 java/util/HashMap 166 java/io/ExpiringCache$1
ciMethodData java/util/HashMap get (Ljava/lang/Object;)Ljava/lang/Object; 2 5682 orig 264 88 115 6 103 0 0 0 0 24 142 217 22 0 0 0 0 200 1 0 0 0 0 0 0 0 0 0 0 0 0 0 0 0 0 0 0 0 0 0 0 0 0 0 0 0 0 0 0 0 0 0 0 0 0 0 0 0 0 0 0 0 0 0 0 0 0 0 0 0 0 0 0 0 0 0 0 0 0 0 0 77 68 79 32 101 120 116 114 97 32 100 97 116 97 32 108 111 99 107 0 0 0 0 0 0 0 0 0 0 0 0 0 0 0 0 0 0 0 0 0 0 0 0 0 0 0 0 0 0 0 0 0 0 0 0 0 0 0 0 0 0 0 0 0 0 0 0 0 0 0 0 0 0 0 0 0 0 0 0 0 0 0 0 0 0 0 0 0 0 0 0 0 0 0 0 0 0 0 0 0 0 0 0 0 0 0 0 0 0 0 0 0 0 0 0 0 0 0 0 0 0 0 0 0 0 0 0 0 0 0 0 0 0 0 0 0 5 1 0 0 105 169 0 0 1 0 0 0 0 0 0 0 0 0 0 0 2 0 0 0 0 0 10 0 2 0 0 0 120 0 0 0 255 255 255 255 2 0 2 0 0 0 0 0 data 15 0x20002 0x152d 0x60005 0x30 0x19740570 0x14f9 0x19742ba0 0x4 0xb0007 0xeba 0x38 0x673 0xf0003 0x673 0x18 oops 2 4 java/util/HashMap 6 cucumber/runtime/formatter/PluginFactory$1
ciMethod sun/misc/ProxyGenerator$ConstantPool getUtf8 (Ljava/lang/String;)S 3505 1 5568 0 -1
ciMethod sun/misc/ProxyGenerator$ConstantPool addEntry (Lsun/misc/ProxyGenerator$ConstantPool$Entry;)S 1729 1 2144 0 0
ciMethod sun/misc/ProxyGenerator$ConstantPool getValue (Ljava/lang/Object;)S 3505 1 5640 0 0
ciMethod sun/misc/ProxyGenerator$ConstantPool$ValueEntry <init> (Ljava/lang/Object;)V 865 1 1060 0 0
ciMethod sun/misc/ProxyGenerator$ConstantPool$Entry <init> ()V 3529 1 5485 0 -1
ciMethod sun/misc/ProxyGenerator$ConstantPool$Entry <init> (Lsun/misc/ProxyGenerator$1;)V 3529 1 5485 0 -1
ciMethodData java/util/HashMap$Node <init> (ILjava/lang/Object;Ljava/lang/Object;Ljava/util/HashMap$Node;)V 2 8693 orig 264 88 115 6 103 0 0 0 0 152 212 217 22 0 0 0 0 80 1 0 0 0 0 0 0 0 0 0 0 0 0 0 0 0 0 0 0 0 0 0 0 0 0 0 0 0 0 0 0 0 0 0 0 0 0 0 0 0 0 0 0 0 0 0 0 0 0 0 0 0 0 0 0 0 0 0 0 0 0 0 0 77 68 79 32 101 120 116 114 97 32 100 97 116 97 32 108 111 99 107 0 0 0 0 0 0 0 0 0 0 0 0 0 0 0 0 0 0 0 0 0 0 0 0 0 0 0 0 0 0 0 0 0 0 0 0 0 0 0 0 0 0 0 0 0 0 0 0 0 0 0 0 0 0 0 0 0 0 0 0 0 0 0 0 0 0 0 0 0 0 0 0 0 0 0 0 0 0 0 0 0 0 0 0 0 0 0 0 0 0 0 0 0 0 0 0 0 0 0 0 0 0 0 0 0 0 0 0 0 0 0 0 0 0 0 0 0 0 1 0 0 169 7 1 0 1 0 0 0 0 0 0 0 0 0 0 0 2 0 0 0 0 0 3 0 2 0 0 0 16 0 0 0 255 255 255 255 2 0 1 0 0 0 0 0 data 2 0x10002 0x20f5 oops 0
ciMethodData java/util/HashMap resize ()[Ljava/util/HashMap$Node; 2 17112 orig 264 88 115 6 103 0 0 0 0 152 148 217 22 0 0 0 0 56 6 0 0 176 1 0 0 0 0 0 0 0 0 0 0 0 0 0 0 0 0 0 0 0 0 0 0 0 0 0 0 0 0 0 0 0 0 0 0 0 0 0 0 0 0 0 0 0 0 0 0 0 0 0 0 0 0 0 0 0 0 0 0 77 68 79 32 101 120 116 114 97 32 100 97 116 97 32 108 111 99 107 0 0 0 0 0 0 0 0 0 0 0 0 0 0 0 0 0 0 0 0 0 0 0 0 0 0 0 0 0 0 0 0 0 0 0 0 0 0 0 0 0 0 0 0 0 0 0 0 0 0 0 0 0 0 0 0 0 0 0 0 0 0 0 0 0 0 0 0 0 0 0 0 0 0 0 0 0 0 0 0 0 0 0 0 0 0 0 0 0 0 0 0 0 0 0 0 0 0 0 0 0 0 0 0 0 0 0 0 0 0 0 0 0 0 0 0 0 142 1 0 0 89 86 0 0 81 10 2 0 0 0 0 0 0 0 0 0 2 0 0 0 2 0 56 0 2 0 0 0 240 4 0 0 255 255 255 255 7 0 6 0 0 0 0 0 data 158 0x60007 0x11c 0x38 0x9af 0xa0003 0x9af 0x18 0x190007 0x9af 0x98 0x11c 0x1f0007 0x11c 0x20 0x0 0x320007 0x0 0x90 0x11c 0x380007 0x31 0x70 0xeb 0x400003 0xeb 0x50 0x440007 0x623 0x38 0x38c 0x4a0003 0x38c 0x18 0x570007 0x70e 0x78 0x3bd 0x680007 0x0 0x58 0x3bd 0x700007 0x0 0x38 0x3bd 0x760003 0x3bd 0x18 0x880004 0x0 0x195ffff0 0x8b 0x0 0x0 0x940007 0x9af 0x340 0x11c 0x9d0007 0x11c 0x320 0x2f19 0xa70007 0x1584 0x2e8 0x1995 0xae0104 0x0 0x0 0x0 0x0 0x0 0xb40007 0x88f 0x68 0x1106 0xc50004 0x0 0x197421d0 0xe79 0x1a4ade10 0x28d 0xc60003 0x1106 0x248 0xcb0004 0xfffffffffffff771 0x197421d0 0xf8 0x1a4ade10 0x27 0xce0007 0x88f 0x98 0x0 0xd30004 0x0 0x0 0x0 0x0 0x0 0xdc0005 0x0 0x0 0x0 0x0 0x0 0xdf0003 0x0 0x180 0xfc0007 0x79d 0x70 0xbb3 0x1010007 0x456 0x38 0x75d 0x1080003 0x75d 0x18 0x1160003 0xbb3 0x50 0x11b0007 0x203 0x38 0x59a 0x1220003 0x59a 0x18 0x1350007 0xac1 0xffffffffffffff58 0x88f 0x13a0007 0x132 0x50 0x75d 0x1490004 0x0 0x197421d0 0x68c 0x1a4ade10 0xd1 0x14c0007 0x2f5 0x50 0x59a 0x15d0004 0x0 0x197421d0 0x4b8 0x1a4ade10 0xe2 0x1610003 0x2f19 0xfffffffffffffcf8 oops 9 50 [Ljava/util/HashMap$Node; 78 java/util/HashMap$Node 80 java/util/LinkedHashMap$Entry 87 java/util/HashMap$Node 89 java/util/LinkedHashMap$Entry 141 java/util/HashMap$Node 143 java/util/LinkedHashMap$Entry 151 java/util/HashMap$Node 153 java/util/LinkedHashMap$Entry
ciMethodData java/lang/Number <init> ()V 2 4972 orig 264 88 115 6 103 0 0 0 0 128 230 212 22 0 0 0 0 48 1 0 0 0 0 0 0 0 0 0 0 0 0 0 0 0 0 0 0 0 0 0 0 0 0 0 0 0 0 0 0 0 0 0 0 0 0 0 0 0 0 0 0 0 0 0 0 0 0 0 0 0 0 0 0 0 0 0 0 0 0 0 0 77 68 79 32 101 120 116 114 97 32 100 97 116 97 32 108 111 99 107 0 0 0 0 0 0 0 0 0 0 0 0 0 0 0 0 0 0 0 0 0 0 0 0 0 0 0 0 0 0 0 0 0 0 0 0 0 0 0 0 0 0 0 0 0 0 0 0 0 0 0 0 0 0 0 0 0 0 0 0 0 0 0 0 0 0 0 0 0 0 0 0 0 0 0 0 0 0 0 0 0 0 0 0 0 0 0 0 0 0 0 0 0 0 0 0 0 0 0 0 0 0 0 0 0 0 0 0 0 0 0 0 0 0 0 0 0 201 1 0 0 25 141 0 0 1 0 0 0 0 0 0 0 0 0 0 0 2 0 0 0 0 0 3 0 2 0 0 0 16 0 0 0 255 255 255 255 2 0 1 0 0 0 0 0 data 2 0x10002 0x11a3 oops 0
ciMethodData sun/misc/ProxyGenerator$ConstantPool getUtf8 (Ljava/lang/String;)S 2 5594 orig 264 88 115 6 103 0 0 0 0 112 167 252 22 0 0 0 0 104 1 0 0 32 0 0 0 0 0 0 0 0 0 0 0 0 0 0 0 0 0 0 0 0 0 0 0 0 0 0 0 0 0 0 0 0 0 0 0 0 0 0 0 0 0 0 0 0 0 0 0 0 0 0 0 0 0 0 0 0 0 0 0 77 68 79 32 101 120 116 114 97 32 100 97 116 97 32 108 111 99 107 0 0 0 0 0 0 0 0 0 0 0 0 0 0 0 0 0 0 0 0 0 0 0 0 0 0 0 0 0 0 0 0 0 0 0 0 0 0 0 0 0 0 0 0 0 0 0 0 0 0 0 0 0 0 0 0 0 0 0 0 0 0 0 0 0 0 0 0 0 0 0 0 0 0 0 0 0 0 0 0 0 0 0 0 0 0 0 0 0 0 0 0 0 0 0 0 0 0 0 0 0 0 0 0 0 0 0 0 0 0 0 0 0 0 0 0 0 182 1 0 0 9 161 0 0 1 0 0 0 0 0 0 0 0 0 0 0 2 0 0 0 0 0 5 0 2 0 0 0 64 0 0 0 255 255 255 255 7 0 1 0 0 0 0 0 data 8 0x10007 0x1421 0x30 0x0 0x80002 0x0 0xe0002 0x1421 oops 0
ciMethodData sun/misc/ProxyGenerator$ConstantPool getValue (Ljava/lang/Object;)S 2 5775 orig 264 88 115 6 103 0 0 0 0 224 175 252 22 0 0 0 0 48 3 0 0 112 1 0 0 0 0 0 0 0 0 0 0 0 0 0 0 0 0 0 0 0 0 0 0 0 0 0 0 0 0 0 0 0 0 0 0 0 0 0 0 0 0 0 0 0 0 0 0 0 0 0 0 0 0 0 0 0 0 0 0 77 68 79 32 101 120 116 114 97 32 100 97 116 97 32 108 111 99 107 0 0 0 0 0 0 0 0 0 0 0 0 0 0 0 0 0 0 0 0 0 0 0 0 0 0 0 0 0 0 0 0 0 0 0 0 0 0 0 0 0 0 0 0 0 0 0 0 0 0 0 0 0 0 0 0 0 0 0 0 0 0 0 0 0 0 0 0 0 0 0 0 0 0 0 0 0 0 0 0 0 0 0 0 0 0 0 0 0 0 0 0 0 0 0 0 0 0 0 0 0 0 0 0 0 0 0 0 0 0 0 0 0 0 0 0 0 182 1 0 0 153 166 0 0 1 0 0 0 0 0 0 0 0 0 0 0 2 0 0 0 0 0 12 0 2 0 0 0 224 1 0 0 255 255 255 255 5 0 5 0 0 0 0 0 data 60 0x50005 0x0 0x19740570 0x14d3 0x0 0x0 0xa0104 0x0 0x269cb60 0x1115 0x0 0x0 0xf0007 0x3be 0x50 0x1115 0x130005 0x23 0x269cb60 0x10f2 0x0 0x0 0x1b0007 0x3be 0xd0 0x0 0x260002 0x0 0x2b0005 0x0 0x0 0x0 0x0 0x0 0x2f0005 0x0 0x0 0x0 0x0 0x0 0x320005 0x0 0x0 0x0 0x0 0x0 0x350002 0x0 0x3f0002 0x3be 0x420002 0x3be 0x500002 0x3be 0x530005 0x0 0x19740570 0x3be 0x0 0x0 oops 4 2 java/util/HashMap 8 java/lang/Short 18 java/lang/Short 56 java/util/HashMap
ciMethodData sun/misc/ProxyGenerator$ConstantPool$ValueEntry <init> (Ljava/lang/Object;)V 1 1093 orig 264 88 115 6 103 0 0 0 0 152 252 252 22 0 0 0 0 56 1 0 0 0 0 0 0 0 0 0 0 0 0 0 0 0 0 0 0 0 0 0 0 0 0 0 0 0 0 0 0 0 0 0 0 0 0 0 0 0 0 0 0 0 0 0 0 0 0 0 0 0 0 0 0 0 0 0 0 0 0 0 0 77 68 79 32 101 120 116 114 97 32 100 97 116 97 32 108 111 99 107 0 0 0 0 0 0 0 0 0 0 0 0 0 0 0 0 0 0 0 0 0 0 0 0 0 0 0 0 0 0 0 0 0 0 0 0 0 0 0 0 0 0 0 0 0 0 0 0 0 0 0 0 0 0 0 0 0 0 0 0 0 0 0 0 0 0 0 0 0 0 0 0 0 0 0 0 0 0 0 0 0 0 0 0 0 0 0 0 0 0 0 0 0 0 0 0 0 0 0 0 0 0 0 0 0 0 0 0 0 0 0 0 0 0 0 0 0 108 0 0 0 201 30 0 0 1 0 0 0 0 0 0 0 0 0 0 0 2 0 0 0 0 0 0 0 0 0 0 0 16 0 0 0 255 255 255 255 2 0 2 0 0 0 0 0 data 2 0x20002 0x3d9 oops 0
ciMethodData sun/misc/ProxyGenerator$ConstantPool$Entry <init> (Lsun/misc/ProxyGenerator$1;)V 2 5720 orig 264 88 115 6 103 0 0 0 0 128 1 253 22 0 0 0 0 56 1 0 0 0 0 0 0 0 0 0 0 0 0 0 0 0 0 0 0 0 0 0 0 0 0 0 0 0 0 0 0 0 0 0 0 0 0 0 0 0 0 0 0 0 0 0 0 0 0 0 0 0 0 0 0 0 0 0 0 0 0 0 0 77 68 79 32 101 120 116 114 97 32 100 97 116 97 32 108 111 99 107 0 0 0 0 0 0 0 0 0 0 0 0 0 0 0 0 0 0 0 0 0 0 0 0 0 0 0 0 0 0 0 0 0 0 0 0 0 0 0 0 0 0 0 0 0 0 0 0 0 0 0 0 0 0 0 0 0 0 0 0 0 0 0 0 0 0 0 0 0 0 0 0 0 0 0 0 0 0 0 0 0 0 0 0 0 0 0 0 0 0 0 0 0 0 0 0 0 0 0 0 0 0 0 0 0 0 0 0 0 0 0 0 0 0 0 0 0 185 1 0 0 249 164 0 0 1 0 0 0 0 0 0 0 0 0 0 0 2 0 0 0 0 0 3 0 2 0 0 0 16 0 0 0 255 255 255 255 2 0 1 0 0 0 0 0 data 2 0x10002 0x149f oops 0
ciMethodData sun/misc/ProxyGenerator$ConstantPool$Entry <init> ()V 2 5720 orig 264 88 115 6 103 0 0 0 0 88 0 253 22 0 0 0 0 48 1 0 0 0 0 0 0 0 0 0 0 0 0 0 0 0 0 0 0 0 0 0 0 0 0 0 0 0 0 0 0 0 0 0 0 0 0 0 0 0 0 0 0 0 0 0 0 0 0 0 0 0 0 0 0 0 0 0 0 0 0 0 0 77 68 79 32 101 120 116 114 97 32 100 97 116 97 32 108 111 99 107 0 0 0 0 0 0 0 0 0 0 0 0 0 0 0 0 0 0 0 0 0 0 0 0 0 0 0 0 0 0 0 0 0 0 0 0 0 0 0 0 0 0 0 0 0 0 0 0 0 0 0 0 0 0 0 0 0 0 0 0 0 0 0 0 0 0 0 0 0 0 0 0 0 0 0 0 0 0 0 0 0 0 0 0 0 0 0 0 0 0 0 0 0 0 0 0 0 0 0 0 0 0 0 0 0 0 0 0 0 0 0 0 0 0 0 0 0 185 1 0 0 249 164 0 0 1 0 0 0 0 0 0 0 0 0 0 0 2 0 0 0 0 0 3 0 2 0 0 0 16 0 0 0 255 255 255 255 2 0 1 0 0 0 0 0 data 2 0x10002 0x149f oops 0
ciMethodData sun/misc/ProxyGenerator$ConstantPool addEntry (Lsun/misc/ProxyGenerator$ConstantPool$Entry;)S 2 2223 orig 264 88 115 6 103 0 0 0 0 240 174 252 22 0 0 0 0 16 2 0 0 128 0 0 0 0 0 0 0 0 0 0 0 0 0 0 0 0 0 0 0 0 0 0 0 0 0 0 0 0 0 0 0 0 0 0 0 0 0 0 0 0 0 0 0 0 0 0 0 0 0 0 0 0 0 0 0 0 0 0 0 77 68 79 32 101 120 116 114 97 32 100 97 116 97 32 108 111 99 107 0 0 0 0 0 0 0 0 0 0 0 0 0 0 0 0 0 0 0 0 0 0 0 0 0 0 0 0 0 0 0 0 0 0 0 0 0 0 0 0 0 0 0 0 0 0 0 0 0 0 0 0 0 0 0 0 0 0 0 0 0 0 0 0 0 0 0 0 0 0 0 0 0 0 0 0 0 0 0 0 0 0 0 0 0 0 0 0 0 0 0 0 0 0 0 0 0 0 0 0 0 0 0 0 0 0 0 0 0 0 0 0 0 0 0 0 0 216 0 0 0 185 62 0 0 1 0 0 0 0 0 0 0 0 0 0 0 2 0 0 0 0 0 5 0 2 0 0 0 192 0 0 0 255 255 255 255 5 0 5 0 0 0 0 0 data 24 0x50005 0x0 0x1a773f00 0x7d7 0x0 0x0 0xf0005 0x0 0x1a773f00 0x7d7 0x0 0x0 0x160007 0x7d7 0x30 0x0 0x1f0002 0x0 0x270005 0x0 0x1a773f00 0x7d7 0x0 0x0 oops 3 2 java/util/ArrayList 8 java/util/ArrayList 20 java/util/ArrayList
ciMethodData java/lang/Short <init> (S)V 2 2480 orig 264 88 115 6 103 0 0 0 0 232 43 213 22 0 0 0 0 56 1 0 0 0 0 0 0 0 0 0 0 0 0 0 0 0 0 0 0 0 0 0 0 0 0 0 0 0 0 0 0 0 0 0 0 0 0 0 0 0 0 0 0 0 0 0 0 0 0 0 0 0 0 0 0 0 0 0 0 0 0 0 0 77 68 79 32 101 120 116 114 97 32 100 97 116 97 32 108 111 99 107 0 0 0 0 0 0 0 0 0 0 0 0 0 0 0 0 0 0 0 0 0 0 0 0 0 0 0 0 0 0 0 0 0 0 0 0 0 0 0 0 0 0 0 0 0 0 0 0 0 0 0 0 0 0 0 0 0 0 0 0 0 0 0 0 0 0 0 0 0 0 0 0 0 0 0 0 0 0 0 0 0 0 0 0 0 0 0 0 0 0 0 0 0 0 0 0 0 0 0 0 0 0 0 0 0 0 0 0 0 0 0 0 0 0 0 0 0 216 0 0 0 193 70 0 0 1 0 0 0 0 0 0 0 0 0 0 0 2 0 0 0 0 0 3 0 2 0 0 0 16 0 0 0 255 255 255 255 2 0 1 0 0 0 0 0 data 2 0x10002 0x8d8 oops 0
ciMethodData java/util/HashMap newNode (ILjava/lang/Object;Ljava/lang/Object;Ljava/util/HashMap$Node;)Ljava/util/HashMap$Node; 2 5740 orig 264 88 115 6 103 0 0 0 0 0 174 217 22 0 0 0 0 80 1 0 0 0 0 0 0 0 0 0 0 0 0 0 0 0 0 0 0 0 0 0 0 0 0 0 0 0 0 0 0 0 0 0 0 0 0 0 0 0 0 0 0 0 0 0 0 0 0 0 0 0 0 0 0 0 0 0 0 0 0 0 0 77 68 79 32 101 120 116 114 97 32 100 97 116 97 32 108 111 99 107 0 0 0 0 0 0 0 0 0 0 0 0 0 0 0 0 0 0 0 0 0 0 0 0 0 0 0 0 0 0 0 0 0 0 0 0 0 0 0 0 0 0 0 0 0 0 0 0 0 0 0 0 0 0 0 0 0 0 0 0 0 0 0 0 0 0 0 0 0 0 0 0 0 0 0 0 0 0 0 0 0 0 0 0 0 0 0 0 0 0 0 0 0 0 0 0 0 0 0 0 0 0 0 0 0 0 0 0 0 0 0 0 0 0 0 0 0 188 1 0 0 129 165 0 0 1 0 0 0 0 0 0 0 0 0 0 0 2 0 0 0 0 0 3 0 2 0 0 0 16 0 0 0 255 255 255 255 2 0 9 0 0 0 0 0 data 2 0x90002 0x14b0 oops 0
ciMethodData java/util/HashMap afterNodeInsertion (Z)V 2 1556 orig 264 88 115 6 103 0 0 0 0 200 177 217 22 0 0 0 0 40 1 0 0 0 0 0 0 0 0 0 0 0 0 0 0 0 0 0 0 0 0 0 0 0 0 0 0 0 0 0 0 0 0 0 0 0 0 0 0 0 0 0 0 0 0 0 0 0 0 0 0 0 0 0 0 0 0 0 0 0 0 0 0 77 68 79 32 101 120 116 114 97 32 100 97 116 97 32 108 111 99 107 0 0 0 0 0 0 0 0 0 0 0 0 0 0 0 0 0 0 0 0 0 0 0 0 0 0 0 0 0 0 0 0 0 0 0 0 0 0 0 0 0 0 0 0 0 0 0 0 0 0 0 0 0 0 0 0 0 0 0 0 0 0 0 0 0 0 0 0 0 0 0 0 0 0 0 0 0 0 0 0 0 0 0 0 0 0 0 0 0 0 0 0 0 0 0 0 0 0 0 0 0 0 0 0 0 0 0 0 0 0 0 0 0 0 0 0 0 223 1 0 0 161 33 0 0 1 0 0 0 0 0 0 0 0 0 0 0 2 0 0 0 0 0 3 0 1 0 0 0 0 0 0 0 255 255 255 255 0 0 0 0 0 0 0 0 data 0 oops 0
ciMethodData java/util/Arrays copyOf ([Ljava/lang/Object;I)[Ljava/lang/Object; 2 2193 orig 264 88 115 6 103 0 0 0 0 16 15 221 22 0 0 0 0 192 1 0 0 0 0 0 0 0 0 0 0 0 0 0 0 0 0 0 0 0 0 0 0 0 0 0 0 0 0 0 0 0 0 0 0 0 0 0 0 0 0 0 0 0 0 0 0 0 0 0 0 0 0 0 0 0 0 0 0 0 0 0 0 77 68 79 32 101 120 116 114 97 32 100 97 116 97 32 108 111 99 107 0 0 0 0 0 0 0 0 0 0 0 0 0 0 0 0 0 0 0 0 0 0 0 0 0 0 0 0 0 0 0 0 0 0 0 0 0 0 0 0 0 0 0 0 0 0 0 0 0 0 0 0 0 0 0 0 0 0 0 0 0 0 0 0 0 0 0 0 0 0 0 0 0 0 0 0 0 0 0 0 0 0 0 0 0 0 0 0 0 0 0 0 0 0 0 0 0 0 0 0 0 0 0 0 0 0 0 0 0 0 0 0 0 0 0 0 0 28 1 0 0 169 59 0 0 1 0 0 0 0 0 0 0 0 0 0 0 2 0 0 0 0 0 3 0 2 0 0 0 112 0 0 0 255 255 255 255 5 0 3 0 0 0 0 0 data 14 0x30005 0x99 0x1a6ead90 0x6c5 0x1a6c70f0 0x17 0x60002 0x775 0x90004 0x0 0x0 0x0 0x0 0x0 oops 2 2 [Ljava/lang/Object; 4 [Ljava/lang/reflect/Method;
ciMethodData java/util/HashMap afterNodeAccess (Ljava/util/HashMap$Node;)V 2 496 orig 264 88 115 6 103 0 0 0 0 56 177 217 22 0 0 0 0 40 1 0 0 0 0 0 0 0 0 0 0 0 0 0 0 0 0 0 0 0 0 0 0 0 0 0 0 0 0 0 0 0 0 0 0 0 0 0 0 0 0 0 0 0 0 0 0 0 0 0 0 0 0 0 0 0 0 0 0 0 0 0 0 77 68 79 32 101 120 116 114 97 32 100 97 116 97 32 108 111 99 107 0 0 0 0 0 0 0 0 0 0 0 0 0 0 0 0 0 0 0 0 0 0 0 0 0 0 0 0 0 0 0 0 0 0 0 0 0 0 0 0 0 0 0 0 0 0 0 0 0 0 0 0 0 0 0 0 0 0 0 0 0 0 0 0 0 0 0 0 0 0 0 0 0 0 0 0 0 0 0 0 0 0 0 0 0 0 0 0 0 0 0 0 0 0 0 0 0 0 0 0 0 0 0 0 0 0 0 0 0 0 0 0 0 0 0 0 0 31 1 0 0 137 6 0 0 1 0 0 0 0 0 0 0 0 0 0 0 2 0 0 0 0 0 3 0 1 0 0 0 0 0 0 0 255 255 255 255 0 0 0 0 0 0 0 0 data 0 oops 0
instanceKlass java/time/zone/ZoneRulesProvider$1
instanceKlass java/time/zone/ZoneRulesProvider
instanceKlass java/time/ZoneId
instanceKlass java/time/Clock
instanceKlass java/time/temporal/TemporalUnit
instanceKlass org/openqa/selenium/support/ui/FluentWait
instanceKlass org/openqa/selenium/support/ui/Wait
instanceKlass org/openqa/selenium/OutputType$3
instanceKlass org/openqa/selenium/OutputType$2
instanceKlass org/openqa/selenium/OutputType$1
instanceKlass org/openqa/selenium/interactions/Coordinates
instanceKlass org/openqa/selenium/OutputType
instanceKlass org/openqa/selenium/Rectangle
instanceKlass org/openqa/selenium/Dimension
instanceKlass org/openqa/selenium/Point
instanceKlass java/lang/reflect/Proxy$KeyX
instanceKlass org/openqa/selenium/WrapsElement
instanceKlass org/openqa/selenium/support/pagefactory/internal/LocatingElementHandler
instanceKlass org/openqa/selenium/support/AbstractFindByBuilder
instanceKlass org/openqa/selenium/support/FindAll
instanceKlass org/openqa/selenium/support/FindBys
instanceKlass org/openqa/selenium/support/PageFactoryFinder
instanceKlass org/openqa/selenium/support/FindBy
instanceKlass org/openqa/selenium/support/CacheLookup
instanceKlass org/openqa/selenium/By
instanceKlass org/openqa/selenium/support/pagefactory/AbstractAnnotations
instanceKlass org/openqa/selenium/support/pagefactory/DefaultElementLocator
instanceKlass org/openqa/selenium/support/pagefactory/DefaultFieldDecorator
instanceKlass org/openqa/selenium/support/pagefactory/ElementLocator
instanceKlass org/openqa/selenium/support/pagefactory/DefaultElementLocatorFactory
instanceKlass org/openqa/selenium/support/pagefactory/ElementLocatorFactory
instanceKlass org/openqa/selenium/support/pagefactory/FieldDecorator
instanceKlass org/openqa/selenium/support/PageFactory
instanceKlass com/adactin/pom/HomePage
instanceKlass cucumber/deps/com/thoughtworks/xstream/mapper/DynamicProxyMapper$DynamicProxy
instanceKlass cucumber/deps/com/thoughtworks/xstream/core/util/Types
instanceKlass cucumber/deps/com/thoughtworks/xstream/core/util/PrioritizedList$PrioritizedItemIterator
instanceKlass com/aventstack/extentreports/model/TestAttributeTestContext$$Lambda$232
instanceKlass com/aventstack/extentreports/TestAttributeTestContextProvider$$Lambda$231
instanceKlass com/aventstack/extentreports/gherkin/model/When
instanceKlass com/aventstack/extentreports/TestAttributeTestContextProvider$$Lambda$230
instanceKlass com/aventstack/extentreports/model/TestAttributeTestContext
instanceKlass com/aventstack/extentreports/Report$$Lambda$229
instanceKlass com/aventstack/extentreports/Report$$Lambda$228
instanceKlass com/aventstack/extentreports/SessionStatusStats$$Lambda$227
instanceKlass com/aventstack/extentreports/SessionStatusStats$$Lambda$226
instanceKlass cucumber/deps/com/thoughtworks/xstream/core/TreeMarshaller
instanceKlass cucumber/deps/com/thoughtworks/xstream/converters/MarshallingContext
instanceKlass cucumber/deps/com/thoughtworks/xstream/core/TreeUnmarshaller
instanceKlass cucumber/deps/com/thoughtworks/xstream/converters/UnmarshallingContext
instanceKlass cucumber/deps/com/thoughtworks/xstream/core/AbstractTreeMarshallingStrategy
instanceKlass cucumber/deps/com/thoughtworks/xstream/core/util/SelfStreamingInstanceChecker
instanceKlass cucumber/deps/com/thoughtworks/xstream/converters/enums/EnumSetConverter
instanceKlass cucumber/deps/com/thoughtworks/xstream/converters/enums/EnumConverter
instanceKlass javax/xml/datatype/SecuritySupport$1
instanceKlass javax/xml/datatype/FactoryFinder$1
instanceKlass javax/xml/datatype/SecuritySupport$5
instanceKlass javax/xml/datatype/SecuritySupport$2
instanceKlass javax/xml/datatype/SecuritySupport
instanceKlass javax/xml/datatype/FactoryFinder
instanceKlass cucumber/deps/com/thoughtworks/xstream/converters/extended/DurationConverter$1
instanceKlass javax/xml/datatype/DatatypeFactory
instanceKlass cucumber/deps/com/thoughtworks/xstream/converters/extended/RegexPatternConverter
instanceKlass cucumber/deps/com/thoughtworks/xstream/converters/extended/StackTraceElementFactory
instanceKlass cucumber/deps/com/thoughtworks/xstream/converters/extended/ThrowableConverter
instanceKlass cucumber/deps/com/thoughtworks/xstream/converters/extended/GregorianCalendarConverter
instanceKlass cucumber/deps/com/thoughtworks/xstream/converters/extended/ColorConverter
instanceKlass cucumber/deps/com/thoughtworks/xstream/converters/extended/FontConverter
instanceKlass cucumber/deps/com/thoughtworks/xstream/converters/extended/JavaFieldConverter
instanceKlass cucumber/deps/com/thoughtworks/xstream/converters/extended/JavaMethodConverter
instanceKlass cucumber/deps/com/thoughtworks/xstream/converters/extended/DynamicProxyConverter$1
instanceKlass cucumber/deps/com/thoughtworks/xstream/converters/extended/DynamicProxyConverter
instanceKlass cucumber/deps/com/thoughtworks/xstream/core/util/Base64Encoder
instanceKlass cucumber/deps/com/thoughtworks/xstream/converters/extended/EncodedByteArrayConverter
instanceKlass cucumber/deps/com/thoughtworks/xstream/converters/collections/PropertiesConverter
instanceKlass cucumber/deps/com/thoughtworks/xstream/core/util/Fields
instanceKlass cucumber/deps/com/thoughtworks/xstream/converters/collections/CharArrayConverter
instanceKlass cucumber/deps/com/thoughtworks/xstream/converters/collections/AbstractCollectionConverter
instanceKlass cucumber/deps/com/thoughtworks/xstream/converters/collections/BitSetConverter
instanceKlass cucumber/deps/com/thoughtworks/xstream/core/util/ThreadSafeSimpleDateFormat$1
instanceKlass cucumber/deps/com/thoughtworks/xstream/core/util/Pool
instanceKlass cucumber/deps/com/thoughtworks/xstream/core/util/Pool$Factory
instanceKlass cucumber/deps/com/thoughtworks/xstream/core/util/ThreadSafeSimpleDateFormat
instanceKlass sun/util/calendar/Era
instanceKlass cucumber/deps/com/thoughtworks/xstream/core/util/WeakCache$Visitor
instanceKlass cucumber/deps/com/thoughtworks/xstream/converters/basic/CharConverter
instanceKlass cucumber/deps/com/thoughtworks/xstream/converters/basic/AbstractSingleValueConverter
instanceKlass cucumber/deps/com/thoughtworks/xstream/converters/basic/NullConverter
instanceKlass cucumber/deps/com/thoughtworks/xstream/converters/reflection/ExternalizableConverter
instanceKlass cucumber/deps/com/thoughtworks/xstream/converters/reflection/ReflectionProviderWrapper
instanceKlass java/util/WeakHashMap$HashIterator
instanceKlass cucumber/deps/com/thoughtworks/xstream/core/util/PrioritizedList$PrioritizedItem
instanceKlass cucumber/deps/com/thoughtworks/xstream/core/util/FastField
instanceKlass cucumber/deps/com/thoughtworks/xstream/core/util/SerializationMembers$1
instanceKlass cucumber/deps/com/thoughtworks/xstream/core/util/SerializationMembers
instanceKlass cucumber/deps/com/thoughtworks/xstream/converters/reflection/SerializationMethodInvoker
instanceKlass java/beans/EventHandler
instanceKlass cucumber/deps/com/thoughtworks/xstream/converters/reflection/ReflectionProvider$Visitor
instanceKlass cucumber/deps/com/thoughtworks/xstream/converters/reflection/AbstractReflectionConverter
instanceKlass java/lang/invoke/SerializedLambda
instanceKlass javax/xml/datatype/Duration
instanceKlass javax/security/auth/Subject
instanceKlass java/awt/Font
instanceKlass cucumber/deps/com/thoughtworks/xstream/security/NoTypePermission
instanceKlass cucumber/deps/com/thoughtworks/xstream/security/AnyTypePermission
instanceKlass cucumber/deps/com/thoughtworks/xstream/core/util/TypedNull
instanceKlass cucumber/deps/com/thoughtworks/xstream/mapper/AnnotationConfiguration
instanceKlass cucumber/deps/com/thoughtworks/xstream/mapper/Mapper$Null
instanceKlass cucumber/deps/com/thoughtworks/xstream/mapper/PackageAliasingMapper$1
instanceKlass javax/swing/LookAndFeel
instanceKlass java/awt/Color
instanceKlass java/awt/Paint
instanceKlass java/awt/Transparency
instanceKlass cucumber/deps/com/thoughtworks/xstream/core/util/FastStack
instanceKlass java/io/ObjectOutputStream$PutField
instanceKlass sun/util/locale/provider/TimeZoneNameUtility
instanceKlass cucumber/deps/com/thoughtworks/xstream/core/util/PresortedSet
instanceKlass cucumber/deps/com/thoughtworks/xstream/core/util/PresortedMap$1
instanceKlass cucumber/deps/com/thoughtworks/xstream/core/util/PresortedMap
instanceKlass cucumber/deps/com/thoughtworks/xstream/core/JVM$1
instanceKlass cucumber/deps/com/thoughtworks/xstream/converters/reflection/ImmutableFieldKeySorter
instanceKlass cucumber/deps/com/thoughtworks/xstream/converters/reflection/FieldKey
instanceKlass cucumber/deps/com/thoughtworks/xstream/converters/reflection/FieldDictionary
instanceKlass cucumber/deps/com/thoughtworks/xstream/core/util/DependencyInjectionFactory
instanceKlass cucumber/deps/com/thoughtworks/xstream/converters/reflection/FieldKeySorter
instanceKlass cucumber/deps/com/thoughtworks/xstream/converters/reflection/PureJavaReflectionProvider
instanceKlass cucumber/deps/com/thoughtworks/xstream/converters/reflection/ReflectionProvider
instanceKlass cucumber/deps/com/thoughtworks/xstream/core/JVM$Test
instanceKlass cucumber/deps/com/thoughtworks/xstream/core/JVM
instanceKlass cucumber/deps/com/thoughtworks/xstream/core/ClassLoaderReference
instanceKlass cucumber/deps/com/thoughtworks/xstream/io/HierarchicalStreamDriver
instanceKlass cucumber/deps/com/thoughtworks/xstream/MarshallingStrategy
instanceKlass cucumber/deps/com/thoughtworks/xstream/mapper/MapperWrapper
instanceKlass cucumber/deps/com/thoughtworks/xstream/mapper/DefaultMapper
instanceKlass cucumber/deps/com/thoughtworks/xstream/mapper/Mapper
instanceKlass cucumber/deps/com/thoughtworks/xstream/converters/DataHolder
instanceKlass cucumber/deps/com/thoughtworks/xstream/core/util/CustomObjectOutputStream$StreamCallback
instanceKlass cucumber/deps/com/thoughtworks/xstream/core/util/CustomObjectInputStream$StreamCallback
instanceKlass cucumber/deps/com/thoughtworks/xstream/security/TypePermission
instanceKlass cucumber/deps/com/thoughtworks/xstream/core/util/PrioritizedList
instanceKlass cucumber/deps/com/thoughtworks/xstream/converters/ErrorWriter
instanceKlass cucumber/deps/com/thoughtworks/xstream/core/DefaultConverterLookup
instanceKlass cucumber/deps/com/thoughtworks/xstream/core/Caching
instanceKlass com/aventstack/extentreports/gherkin/model/Given
instanceKlass com/google/gson/internal/Primitives
instanceKlass com/google/gson/internal/bind/ObjectTypeAdapter$2
instanceKlass com/google/gson/internal/LinkedTreeMap$Node
instanceKlass com/google/gson/internal/LinkedTreeMap$1
instanceKlass com/google/gson/internal/ConstructorConstructor$13
instanceKlass java/util/concurrent/ConcurrentNavigableMap
instanceKlass com/google/gson/internal/$Gson$Preconditions
instanceKlass com/google/gson/internal/JsonReaderInternalAccess
instanceKlass com/google/gson/internal/bind/ReflectiveTypeAdapterFactory$BoundField
instanceKlass com/google/gson/internal/bind/ReflectiveTypeAdapterFactory
instanceKlass com/google/gson/internal/bind/JsonAdapterAnnotationTypeAdapterFactory
instanceKlass com/google/gson/internal/bind/MapTypeAdapterFactory
instanceKlass com/google/gson/internal/bind/CollectionTypeAdapterFactory
instanceKlass com/google/gson/internal/bind/ArrayTypeAdapter$1
instanceKlass com/google/gson/internal/bind/SqlDateTypeAdapter$1
instanceKlass com/google/gson/internal/bind/TimeTypeAdapter$1
instanceKlass com/google/gson/internal/bind/DateTypeAdapter$1
instanceKlass java/util/concurrent/atomic/AtomicLongArray
instanceKlass com/google/gson/internal/bind/ObjectTypeAdapter$1
instanceKlass com/google/gson/internal/bind/TypeAdapters$30
instanceKlass com/google/gson/internal/bind/TypeAdapters$34
instanceKlass com/google/gson/internal/bind/TypeAdapters$26
instanceKlass com/google/gson/internal/bind/TypeAdapters$35
instanceKlass java/util/concurrent/atomic/AtomicIntegerArray
instanceKlass com/google/gson/internal/bind/TypeAdapters$33
instanceKlass com/google/gson/internal/bind/TypeAdapters$32
instanceKlass com/google/gson/internal/bind/TypeAdapters
instanceKlass com/google/gson/internal/ObjectConstructor
instanceKlass com/google/gson/internal/ConstructorConstructor
instanceKlass com/google/gson/internal/Excluder
instanceKlass com/google/gson/internal/$Gson$Types
instanceKlass com/google/gson/stream/JsonReader
instanceKlass com/google/gson/stream/JsonWriter
instanceKlass com/google/gson/TypeAdapterFactory
instanceKlass com/google/gson/TypeAdapter
instanceKlass com/google/gson/reflect/TypeToken
instanceKlass com/google/gson/FieldNamingStrategy
instanceKlass com/google/gson/Gson
instanceKlass com/aventstack/extentreports/gherkin/GherkinDialectProvider
instanceKlass freemarker/template/utility/StringUtil
instanceKlass com/aventstack/extentreports/GherkinKeyword
instanceKlass com/adactin/helper/PageObjectManager
instanceKlass com/aventstack/extentreports/Report$$Lambda$225
instanceKlass com/aventstack/extentreports/ExtentTest$$Lambda$224
instanceKlass com/aventstack/extentreports/ExtentTest$$Lambda$223
instanceKlass com/aventstack/extentreports/utils/StringUtil
instanceKlass com/aventstack/extentreports/Report$$Lambda$222
instanceKlass com/aventstack/extentreports/Report$$Lambda$221
instanceKlass com/aventstack/extentreports/Report$$Lambda$220
instanceKlass com/aventstack/extentreports/gherkin/model/Scenario
instanceKlass com/aventstack/extentreports/SessionStatusStats$$Lambda$219
instanceKlass com/aventstack/extentreports/SessionStatusStats$1
instanceKlass com/aventstack/extentreports/SessionStatusStats$$Lambda$218
instanceKlass com/aventstack/extentreports/model/Test$$Lambda$217
instanceKlass com/aventstack/extentreports/Report$$Lambda$216
instanceKlass com/aventstack/extentreports/model/Test$$Lambda$215
instanceKlass java/lang/invoke/LambdaForm$DMH
instanceKlass com/aventstack/extentreports/model/Test$$Lambda$214
instanceKlass com/aventstack/extentreports/model/Log
instanceKlass com/aventstack/extentreports/markuputils/Table
instanceKlass com/aventstack/extentreports/markuputils/Markup
instanceKlass com/aventstack/extentreports/markuputils/MarkupHelper
instanceKlass com/aventstack/extentreports/Report$$Lambda$213
instanceKlass com/aventstack/extentreports/model/AbstractStructure
instanceKlass com/aventstack/extentreports/gherkin/model/ScenarioOutline
instanceKlass com/aventstack/extentreports/Report$$Lambda$212
instanceKlass com/aventstack/extentreports/model/Test
instanceKlass com/aventstack/extentreports/model/BasicReportElement
instanceKlass com/aventstack/extentreports/ExtentTest
instanceKlass com/aventstack/extentreports/RunResult
instanceKlass com/aventstack/extentreports/model/IAddsMedia
instanceKlass com/aventstack/extentreports/gherkin/model/Feature
instanceKlass com/aventstack/extentreports/gherkin/model/IGherkinFormatterModel
instanceKlass gherkin/formatter/NiceAppendable
instanceKlass freemarker/ext/beans/SimpleMapModel$1
instanceKlass freemarker/ext/beans/_MethodUtil
instanceKlass freemarker/ext/beans/TypeFlags
instanceKlass freemarker/ext/beans/MaybeEmptyMemberAndArguments
instanceKlass freemarker/ext/beans/MaybeEmptyCallableMemberDescriptor
instanceKlass freemarker/ext/beans/OverloadedMethodsSubset
instanceKlass freemarker/core/_DelayedConversionToString
instanceKlass freemarker/ext/beans/OverloadedMethods
instanceKlass freemarker/ext/beans/BeansWrapper$MethodAppearanceDecision
instanceKlass java/lang/reflect/AnnotatedType
instanceKlass java/io/Console
instanceKlass freemarker/ext/beans/UnsafeMethods
instanceKlass sun/reflect/generics/tree/IntSignature
instanceKlass java/beans/SimpleBeanInfo
instanceKlass java/beans/Transient
instanceKlass com/sun/beans/WildcardTypeImpl
instanceKlass sun/reflect/generics/tree/MethodTypeSignature
instanceKlass sun/reflect/generics/tree/Wildcard
instanceKlass sun/reflect/generics/tree/BottomSignature
instanceKlass com/sun/beans/TypeResolver
instanceKlass java/beans/MethodRef
instanceKlass com/sun/beans/util/Cache$CacheEntry
instanceKlass com/sun/beans/util/Cache
instanceKlass com/sun/beans/finder/AbstractFinder
instanceKlass com/sun/beans/finder/ClassFinder
instanceKlass java/beans/BeanInfo
instanceKlass com/sun/beans/finder/InstanceFinder
instanceKlass java/beans/WeakIdentityMap
instanceKlass java/beans/ThreadGroupContext
instanceKlass java/util/EventListener
instanceKlass com/sun/beans/WeakCache
instanceKlass java/beans/Introspector
instanceKlass freemarker/ext/beans/ClassIntrospector$MethodSignature
instanceKlass freemarker/ext/beans/BeanModel$1
instanceKlass freemarker/template/SimpleScalar
instanceKlass freemarker/template/TemplateScalarModel
instanceKlass freemarker/ext/beans/SimpleMethod
instanceKlass freemarker/core/_UnexpectedTypeErrorExplainerTemplateModel
instanceKlass freemarker/ext/beans/BeanModel
instanceKlass freemarker/template/TemplateBooleanModel
instanceKlass freemarker/template/utility/ClassUtil
instanceKlass freemarker/core/_ConcurrentMapFactory
instanceKlass freemarker/template/utility/SecurityUtilities$2
instanceKlass freemarker/template/utility/SecurityUtilities
instanceKlass java/beans/FeatureDescriptor
instanceKlass freemarker/ext/beans/ClassIntrospector
instanceKlass freemarker/template/TemplateHashModelEx
instanceKlass freemarker/template/TemplateModelWithAPISupport
instanceKlass freemarker/ext/util/WrapperTemplateModel
instanceKlass freemarker/template/AdapterTemplateModel
instanceKlass freemarker/template/TemplateCollectionModelEx
instanceKlass freemarker/template/TemplateCollectionModel
instanceKlass freemarker/template/WrappingTemplateModel
instanceKlass freemarker/template/TemplateSequenceModel
instanceKlass freemarker/ext/beans/BeansWrapper$3
instanceKlass freemarker/ext/beans/_BeansAPI
instanceKlass freemarker/ext/beans/BeansWrapperBuilder$BeansWrapperFactory
instanceKlass freemarker/ext/beans/ClassIntrospectorBuilder
instanceKlass freemarker/ext/beans/BeansWrapper$5
instanceKlass freemarker/ext/beans/BeansWrapper$4
instanceKlass freemarker/ext/util/ModelCache
instanceKlass freemarker/ext/beans/MethodAppearanceFineTuner
instanceKlass freemarker/ext/util/ModelFactory
instanceKlass freemarker/template/TemplateMethodModelEx
instanceKlass freemarker/template/TemplateMethodModel
instanceKlass freemarker/ext/beans/ClassBasedModelFactory
instanceKlass freemarker/template/TemplateHashModel
instanceKlass freemarker/template/TemplateModel
instanceKlass freemarker/ext/beans/BeansWrapper
instanceKlass freemarker/template/utility/WriteProtectable
instanceKlass freemarker/template/utility/RichObjectWrapper
instanceKlass freemarker/template/utility/ObjectWrapperWithAPISupport
instanceKlass freemarker/template/ObjectWrapperAndUnwrapper
instanceKlass freemarker/template/_TemplateAPI
instanceKlass java/text/CalendarBuilder
instanceKlass java/text/ParsePosition
instanceKlass java/text/DigitList
instanceKlass java/text/FieldPosition
instanceKlass java/text/AttributedCharacterIterator$Attribute
instanceKlass freemarker/template/Version
instanceKlass freemarker/log/_JULLoggerFactory
instanceKlass freemarker/log/Logger$1
instanceKlass freemarker/log/LoggerFactory
instanceKlass freemarker/log/Logger
instanceKlass freemarker/template/ObjectWrapper
instanceKlass freemarker/cache/CacheStorage
instanceKlass freemarker/cache/TemplateLoader
instanceKlass freemarker/core/TemplateClassResolver
instanceKlass freemarker/core/FMParserConstants
instanceKlass freemarker/core/ArithmeticEngine
instanceKlass freemarker/core/Configurable
instanceKlass freemarker/ext/beans/_BeansAPI$_BeansWrapperSubclassFactory
instanceKlass freemarker/ext/beans/BeansWrapperConfiguration
instanceKlass com/aventstack/extentreports/viewdefs/Icon
instanceKlass com/aventstack/extentreports/ExtentReports$$Lambda$211
instanceKlass java/lang/invoke/LambdaForm$DMH
instanceKlass com/aventstack/extentreports/ExceptionTestContextImpl
instanceKlass com/aventstack/extentreports/TestAttributeTestContextProvider
instanceKlass com/aventstack/extentreports/SessionStatusStats
instanceKlass com/aventstack/extentreports/SystemAttributeContext
instanceKlass com/aventstack/extentreports/model/Attribute
instanceKlass com/aventstack/extentreports/Report
instanceKlass com/aventstack/extentreports/IReport
instanceKlass java/util/stream/MatchOps$$Lambda$210
instanceKlass java/util/stream/MatchOps$BooleanTerminalSink
instanceKlass java/util/stream/MatchOps$MatchOp
instanceKlass java/util/stream/MatchOps
instanceKlass com/aventstack/extentreports/configuration/ConfigMap$$Lambda$209
instanceKlass com/aventstack/extentreports/configuration/Config
instanceKlass com/aventstack/extentreports/reporter/AbstractReporter$$Lambda$208
instanceKlass java/lang/invoke/LambdaForm$DMH
instanceKlass com/aventstack/extentreports/reporter/configuration/BasicConfiguration
instanceKlass com/aventstack/extentreports/reporter/configuration/IReporterConfiguration
instanceKlass com/aventstack/extentreports/configuration/ConfigMap
instanceKlass com/aventstack/extentreports/reporter/AbstractReporter
instanceKlass com/aventstack/extentreports/ExtentReporter
instanceKlass com/aventstack/extentreports/IAnalysisStrategy
instanceKlass com/aventstack/extentreports/ReportAggregatesListener
instanceKlass com/aventstack/extentreports/TestListener
instanceKlass com/aventstack/extentreports/reporter/ReportAppendable
instanceKlass org/junit/runners/ParentRunner$3
instanceKlass org/openqa/selenium/json/JsonInput$$Lambda$207
instanceKlass java/util/Collections$UnmodifiableList$1
instanceKlass org/openqa/selenium/remote/RemoteWebDriver$RemoteWebDriverOptions$RemoteTimeouts
instanceKlass org/openqa/selenium/WebDriver$ImeHandler
instanceKlass org/openqa/selenium/WebDriver$Window
instanceKlass org/openqa/selenium/WebDriver$Timeouts
instanceKlass org/openqa/selenium/remote/RemoteWebDriver$RemoteWebDriverOptions
instanceKlass org/openqa/selenium/remote/mobile/RemoteNetworkConnection
instanceKlass org/openqa/selenium/remote/RemoteTouchScreen
instanceKlass org/openqa/selenium/html5/LocalStorage
instanceKlass org/openqa/selenium/html5/SessionStorage
instanceKlass org/openqa/selenium/remote/html5/RemoteWebStorage
instanceKlass org/openqa/selenium/remote/html5/RemoteLocationContext
instanceKlass org/openqa/selenium/remote/RemoteWebElement
instanceKlass org/openqa/selenium/interactions/Locatable
instanceKlass org/openqa/selenium/internal/HasIdentity
instanceKlass org/openqa/selenium/WrapsDriver
instanceKlass org/openqa/selenium/remote/http/AbstractHttpResponseCodec
instanceKlass org/openqa/selenium/interactions/KeyInput
instanceKlass java/util/UUID$Holder
instanceKlass org/openqa/selenium/interactions/Interaction
instanceKlass org/openqa/selenium/interactions/PointerInput
instanceKlass org/openqa/selenium/interactions/Encodable
instanceKlass com/google/common/base/AbstractIterator$1
instanceKlass com/google/common/base/Splitter$5
instanceKlass org/openqa/selenium/remote/http/AbstractHttpCommandCodec$CommandSpec
instanceKlass com/google/common/base/AbstractIterator
instanceKlass com/google/common/base/Splitter$1
instanceKlass com/google/common/base/Splitter$Strategy
instanceKlass com/google/common/base/Splitter
instanceKlass org/openqa/selenium/interactions/InputSource
instanceKlass org/openqa/selenium/remote/http/AbstractHttpCommandCodec
instanceKlass java/text/DateFormatSymbols
instanceKlass sun/util/locale/provider/CalendarDataUtility$CalendarWeekParameterGetter
instanceKlass sun/util/locale/provider/CalendarDataUtility
instanceKlass java/util/Calendar$Builder
instanceKlass java/util/TimeZone$1
instanceKlass java/util/zip/CRC32
instanceKlass java/util/zip/Checksum
instanceKlass java/util/Formatter$DateTime
instanceKlass sun/util/logging/LoggingSupport$2
instanceKlass java/util/logging/Formatter
instanceKlass java/util/logging/LogRecord
instanceKlass org/openqa/selenium/remote/ProtocolHandshake$Result$$Lambda$206
instanceKlass org/openqa/selenium/Proxy
instanceKlass org/openqa/selenium/remote/W3CHandshakeResponse$$Lambda$205
instanceKlass org/openqa/selenium/remote/W3CHandshakeResponse$$Lambda$204
instanceKlass org/openqa/selenium/remote/JsonWireProtocolResponse$$Lambda$203
instanceKlass org/openqa/selenium/remote/JsonWireProtocolResponse$$Lambda$202
instanceKlass org/openqa/selenium/remote/ProtocolHandshake$$Lambda$201
instanceKlass org/openqa/selenium/remote/ProtocolHandshake$$Lambda$200
instanceKlass org/openqa/selenium/remote/W3CHandshakeResponse
instanceKlass org/openqa/selenium/remote/HandshakeResponse$$Lambda$199
instanceKlass org/openqa/selenium/remote/ProtocolHandshake$Result
instanceKlass org/openqa/selenium/remote/JsonWireProtocolResponse
instanceKlass org/openqa/selenium/remote/HandshakeResponse
instanceKlass org/openqa/selenium/remote/InitialHandshakeResponse
instanceKlass java/math/MathContext
instanceKlass org/openqa/selenium/json/NumberCoercer$1
instanceKlass org/openqa/selenium/json/NumberCoercer$$Lambda$198
instanceKlass org/openqa/selenium/json/JsonInput$$Lambda$197
instanceKlass org/openqa/selenium/json/BooleanCoercer$$Lambda$196
instanceKlass com/google/common/base/MoreObjects
instanceKlass com/google/common/net/MediaType$Tokenizer
instanceKlass org/openqa/selenium/remote/internal/OkHttpClient$$Lambda$195
instanceKlass org/openqa/selenium/remote/internal/OkHttpClient$$Lambda$194
instanceKlass okhttp3/internal/http1/Http1Codec$AbstractSource
instanceKlass okhttp3/internal/http/HttpHeaders
instanceKlass okhttp3/Response$Builder
instanceKlass okhttp3/internal/http/StatusLine
instanceKlass okhttp3/internal/http1/Http1Codec$FixedLengthSink
instanceKlass okio/ForwardingSink
instanceKlass okio/Segment
instanceKlass okio/SegmentPool
instanceKlass okhttp3/internal/http/RequestLine
instanceKlass okhttp3/internal/http1/Http1Codec
instanceKlass okio/RealBufferedSink
instanceKlass okio/AsyncTimeout$1
instanceKlass okio/Okio$1
instanceKlass okio/RealBufferedSource
instanceKlass okio/AsyncTimeout$2
instanceKlass okio/Okio$2
instanceKlass okio/Timeout
instanceKlass okio/Okio
instanceKlass okhttp3/internal/connection/ConnectionSpecSelector
instanceKlass okhttp3/internal/http/HttpCodec
instanceKlass okhttp3/internal/ws/RealWebSocket$Streams
instanceKlass okhttp3/internal/http2/Http2Connection$Listener
instanceKlass okhttp3/internal/connection/RouteSelector$Selection
instanceKlass okhttp3/Route
instanceKlass java/util/ArrayDeque$DeqIterator
instanceKlass okhttp3/CacheControl$Builder
instanceKlass okhttp3/CacheControl
instanceKlass okhttp3/internal/cache/CacheStrategy
instanceKlass okhttp3/internal/cache/CacheStrategy$Factory
instanceKlass okhttp3/internal/connection/RouteSelector
instanceKlass okhttp3/Address
instanceKlass okhttp3/internal/connection/StreamAllocation
instanceKlass okhttp3/Connection
instanceKlass okhttp3/internal/http/RealInterceptorChain
instanceKlass okhttp3/internal/http/CallServerInterceptor
instanceKlass okhttp3/internal/connection/ConnectInterceptor
instanceKlass okhttp3/internal/cache/CacheInterceptor
instanceKlass okhttp3/internal/http/BridgeInterceptor
instanceKlass okhttp3/internal/http/RetryAndFollowUpInterceptor
instanceKlass okhttp3/RealCall
instanceKlass okhttp3/Headers
instanceKlass okhttp3/Request
instanceKlass okhttp3/internal/http/HttpMethod
instanceKlass com/google/common/io/ByteArrayDataOutput
instanceKlass com/google/common/io/ByteArrayDataInput
instanceKlass com/google/common/io/ByteStreams
instanceKlass okhttp3/MediaType
instanceKlass org/openqa/selenium/remote/internal/OkHttpClient$1
instanceKlass org/openqa/selenium/BuildInfo
instanceKlass com/google/common/collect/CollectSpliterators$1$$Lambda$193
instanceKlass com/google/common/collect/CollectSpliterators$1
instanceKlass com/google/common/collect/AbstractMapBasedMultimap$$Lambda$192
instanceKlass com/google/common/collect/CollectSpliterators$1FlatMapSpliterator$$Lambda$191
instanceKlass java/lang/invoke/LambdaForm$DMH
instanceKlass java/util/stream/Collectors$$Lambda$190
instanceKlass java/util/stream/Collectors$$Lambda$189
instanceKlass java/util/stream/Collectors$$Lambda$188
instanceKlass org/openqa/selenium/remote/http/HttpMessage$$Lambda$187
instanceKlass org/openqa/selenium/remote/http/HttpMessage$$Lambda$186
instanceKlass org/openqa/selenium/remote/http/HttpMessage$$Lambda$185
instanceKlass com/google/common/collect/CollectSpliterators$1FlatMapSpliterator
instanceKlass com/google/common/collect/CollectSpliterators
instanceKlass com/google/common/collect/AbstractMapBasedMultimap$$Lambda$184
instanceKlass com/google/common/collect/AbstractMapBasedMultimap$KeySet$1
instanceKlass sun/text/normalizer/UnicodeSet
instanceKlass sun/text/normalizer/UnicodeMatcher
instanceKlass sun/text/normalizer/NormalizerImpl$AuxTrieImpl
instanceKlass sun/text/normalizer/NormalizerImpl$NormTrieImpl
instanceKlass sun/text/normalizer/NormalizerImpl$FCDTrieImpl
instanceKlass sun/text/normalizer/NormalizerDataReader
instanceKlass sun/text/normalizer/ICUData
instanceKlass sun/text/normalizer/NormalizerImpl
instanceKlass sun/text/normalizer/VersionInfo
instanceKlass sun/text/normalizer/CharTrie$FriendAgent
instanceKlass sun/text/normalizer/Trie
instanceKlass sun/net/idn/StringPrep$StringPrepTrieImpl
instanceKlass sun/text/normalizer/Trie$DataManipulate
instanceKlass sun/text/normalizer/ICUBinary
instanceKlass sun/net/idn/StringPrepDataReader
instanceKlass sun/text/normalizer/ICUBinary$Authenticate
instanceKlass sun/net/idn/StringPrep
instanceKlass java/net/IDN
instanceKlass okhttp3/HttpUrl$Builder
instanceKlass okhttp3/HttpUrl
instanceKlass okhttp3/Headers$Builder
instanceKlass okhttp3/Request$Builder
instanceKlass com/google/common/collect/SortedSetMultimap
instanceKlass com/google/common/collect/Multimaps
instanceKlass com/google/common/net/MediaType$2
instanceKlass com/google/common/base/Joiner$MapJoiner
instanceKlass com/google/common/base/Joiner
instanceKlass com/google/common/primitives/Ints
instanceKlass com/google/common/collect/AbstractMapBasedMultiset$2
instanceKlass com/google/common/collect/Multisets$AbstractEntry
instanceKlass com/google/common/collect/Count
instanceKlass com/google/common/collect/Collections2
instanceKlass com/google/common/collect/Iterables
instanceKlass com/google/common/collect/SortedMultiset
instanceKlass com/google/common/collect/SortedMultisetBridge
instanceKlass com/google/common/collect/Multiset$Entry
instanceKlass com/google/common/collect/Multisets
instanceKlass com/google/common/base/Optional
instanceKlass com/google/common/collect/TransformedIterator
instanceKlass com/google/common/collect/Maps$13
instanceKlass com/google/common/base/ExtraObjectsMethodsForWeb
instanceKlass com/google/common/collect/Maps$9
instanceKlass com/google/common/net/MediaType$1
instanceKlass java/util/DualPivotQuicksort
instanceKlass com/google/common/base/CharMatcher
instanceKlass com/google/common/collect/ImmutableMultimap$Builder
instanceKlass com/google/common/base/Ascii
instanceKlass com/google/common/base/Charsets
instanceKlass com/google/common/net/MediaType
instanceKlass com/google/common/collect/Maps$EntryTransformer
instanceKlass com/google/common/base/Converter
instanceKlass com/google/common/collect/SortedMapDifference
instanceKlass com/google/common/collect/MapDifference
instanceKlass com/google/common/collect/Maps
instanceKlass com/google/common/collect/Multiset
instanceKlass com/google/common/collect/ListMultimap
instanceKlass org/openqa/selenium/remote/http/HttpMessage
instanceKlass org/openqa/selenium/remote/NewSessionPayload$$Lambda$183
instanceKlass org/openqa/selenium/remote/NewSessionPayload$$Lambda$182
instanceKlass org/openqa/selenium/remote/NewSessionPayload$$Lambda$181
instanceKlass org/openqa/selenium/remote/NewSessionPayload$$Lambda$180
instanceKlass org/openqa/selenium/remote/NewSessionPayload$$Lambda$179
instanceKlass org/openqa/selenium/remote/NewSessionPayload$$Lambda$178
instanceKlass org/openqa/selenium/remote/NewSessionPayload$$Lambda$177
instanceKlass org/openqa/selenium/remote/NewSessionPayload$$Lambda$176
instanceKlass org/openqa/selenium/remote/NewSessionPayload$$Lambda$175
instanceKlass org/openqa/selenium/remote/NewSessionPayload$$Lambda$174
instanceKlass org/openqa/selenium/remote/NewSessionPayload$$Lambda$173
instanceKlass org/openqa/selenium/remote/session/SafariFilter$$Lambda$172
instanceKlass org/openqa/selenium/remote/session/SafariFilter$$Lambda$171
instanceKlass org/openqa/selenium/remote/session/SafariFilter$$Lambda$170
instanceKlass org/openqa/selenium/remote/session/SafariFilter$$Lambda$169
instanceKlass org/openqa/selenium/remote/session/OperaFilter$$Lambda$168
instanceKlass org/openqa/selenium/remote/session/OperaFilter$$Lambda$167
instanceKlass org/openqa/selenium/remote/session/OperaFilter$$Lambda$166
instanceKlass org/openqa/selenium/remote/session/OperaFilter$$Lambda$165
instanceKlass org/openqa/selenium/remote/session/InternetExplorerFilter$$Lambda$164
instanceKlass org/openqa/selenium/remote/session/InternetExplorerFilter$$Lambda$163
instanceKlass org/openqa/selenium/remote/session/InternetExplorerFilter$$Lambda$162
instanceKlass org/openqa/selenium/remote/session/InternetExplorerFilter$$Lambda$161
instanceKlass org/openqa/selenium/remote/session/FirefoxFilter$$Lambda$160
instanceKlass org/openqa/selenium/remote/session/FirefoxFilter$$Lambda$159
instanceKlass org/openqa/selenium/remote/session/FirefoxFilter$$Lambda$158
instanceKlass org/openqa/selenium/remote/session/FirefoxFilter$$Lambda$157
instanceKlass org/openqa/selenium/remote/session/FirefoxFilter$$Lambda$156
instanceKlass org/openqa/selenium/remote/session/FirefoxFilter$$Lambda$155
instanceKlass com/google/common/collect/CollectCollectors$$Lambda$154
instanceKlass com/google/common/collect/CollectCollectors$$Lambda$153
instanceKlass com/google/common/collect/CollectCollectors$$Lambda$152
instanceKlass java/lang/invoke/LambdaForm$DMH
instanceKlass com/google/common/collect/CollectCollectors$$Lambda$151
instanceKlass org/openqa/selenium/remote/session/EdgeFilter$$Lambda$150
instanceKlass org/openqa/selenium/remote/session/EdgeFilter$$Lambda$149
instanceKlass org/openqa/selenium/remote/session/EdgeFilter$$Lambda$148
instanceKlass org/openqa/selenium/remote/session/EdgeFilter$$Lambda$147
instanceKlass java/util/stream/Collectors$$Lambda$146
instanceKlass java/util/stream/Collectors$$Lambda$145
instanceKlass org/openqa/selenium/remote/NewSessionPayload$$Lambda$144
instanceKlass org/openqa/selenium/remote/NewSessionPayload$$Lambda$143
instanceKlass org/openqa/selenium/remote/NewSessionPayload$$Lambda$142
instanceKlass org/openqa/selenium/remote/NewSessionPayload$$Lambda$141
instanceKlass org/openqa/selenium/remote/NewSessionPayload$$Lambda$140
instanceKlass java/util/concurrent/ForkJoinPool$1
instanceKlass java/util/concurrent/ForkJoinPool$DefaultForkJoinWorkerThreadFactory
instanceKlass java/util/concurrent/ForkJoinPool$WorkQueue
instanceKlass java/util/concurrent/ForkJoinPool$ForkJoinWorkerThreadFactory
instanceKlass java/util/concurrent/ForkJoinTask
instanceKlass java/util/stream/AbstractPipeline$$Lambda$139
instanceKlass java/util/stream/Collectors$$Lambda$138
instanceKlass java/util/stream/Collectors$$Lambda$137
instanceKlass java/lang/invoke/LambdaForm$DMH
instanceKlass org/openqa/selenium/remote/session/ChromeFilter$$Lambda$136
instanceKlass org/openqa/selenium/remote/session/ChromeFilter$$Lambda$135
instanceKlass org/openqa/selenium/remote/session/ChromeFilter$$Lambda$134
instanceKlass org/openqa/selenium/remote/session/ChromeFilter$$Lambda$133
instanceKlass java/util/stream/DistinctOps
instanceKlass org/openqa/selenium/remote/session/ChromeFilter$$Lambda$132
instanceKlass org/openqa/selenium/remote/session/ChromeFilter$$Lambda$131
instanceKlass java/util/TreeMap$EntrySpliterator$$Lambda$130
instanceKlass java/lang/invoke/LambdaForm$BMH
instanceKlass java/lang/invoke/LambdaForm$MH
instanceKlass java/lang/invoke/LambdaForm$BMH
instanceKlass java/lang/invoke/LambdaForm$BMH
instanceKlass java/util/TreeMap$TreeMapSpliterator
instanceKlass org/openqa/selenium/remote/NewSessionPayload$$Lambda$129
instanceKlass org/openqa/selenium/remote/NewSessionPayload$$Lambda$128
instanceKlass java/lang/invoke/LambdaForm$BMH
instanceKlass org/openqa/selenium/remote/NewSessionPayload$$Lambda$127
instanceKlass org/openqa/selenium/remote/NewSessionPayload$$Lambda$126
instanceKlass org/openqa/selenium/remote/NewSessionPayload$$Lambda$125
instanceKlass org/openqa/selenium/remote/NewSessionPayload$$Lambda$124
instanceKlass org/openqa/selenium/remote/NewSessionPayload$$Lambda$123
instanceKlass com/google/common/collect/CollectCollectors$$Lambda$122
instanceKlass com/google/common/collect/CollectCollectors$$Lambda$121
instanceKlass com/google/common/collect/CollectCollectors$$Lambda$120
instanceKlass com/google/common/collect/CollectCollectors$$Lambda$119
instanceKlass com/google/common/collect/Ordering
instanceKlass org/openqa/selenium/remote/NewSessionPayload$$Lambda$118
instanceKlass org/openqa/selenium/remote/NewSessionPayload$$Lambda$117
instanceKlass java/util/HashMap$HashMapSpliterator
instanceKlass com/google/common/collect/Sets
